{
  "stats": {
    "suites": 2,
    "tests": 7,
    "passes": 2,
    "pending": 0,
    "failures": 5,
    "start": "2017-09-10T09:58:23.259Z",
    "end": "2017-09-10T09:58:34.180Z",
    "duration": 10921,
    "testsRegistered": 7,
    "passPercent": 28.6,
    "pendingPercent": 0,
    "other": 0,
    "hasOther": false,
    "skipped": 0,
    "hasSkipped": false,
    "passPercentClass": "danger",
    "pendingPercentClass": "danger"
  },
  "suites": {
    "title": "",
    "suites": [
      {
        "title": "测试用户注册登录",
        "suites": [
          {
            "title": "注册用户",
            "suites": [],
            "tests": [
              {
                "title": "导航到登录页面",
                "fullTitle": "测试用户注册登录 注册用户 导航到登录页面",
                "timedOut": false,
                "duration": 10647,
                "state": "passed",
                "speed": "slow",
                "pass": true,
                "fail": false,
                "pending": false,
                "code": "async function () {\n            await driver.get(\"http://localhost:3000\")",
                "err": {},
                "isRoot": false,
                "uuid": "d6ab5015-ec15-4418-be58-2634dc716c8d",
                "parentUUID": "3ebb6b48-8345-4d07-bbca-27ae880476e6",
                "isHook": false,
                "skipped": false
              },
              {
                "title": "点击注册按钮",
                "fullTitle": "测试用户注册登录 注册用户 点击注册按钮",
                "timedOut": false,
                "duration": 37,
                "state": "failed",
                "pass": false,
                "fail": true,
                "pending": false,
                "code": "async function () {\n            await driver.findElement({css:'[href=\"/signup\"]'}).click()",
                "err": {
                  "message": "NoSuchElementError: no such element: Unable to locate element: {\"method\":\"css selector\",\"selector\":\"[href=\"/signup\"]\"}\n  (Session info: chrome=59.0.3071.86)\n  (Driver info: chromedriver=2.32.498550 (9dec58e66c31bcc53a9ce3c7226f0c1c5810906a),platform=Windows NT 6.1.7601 SP1 x86_64)",
                  "estack": "NoSuchElementError: no such element: Unable to locate element: {\"method\":\"css selector\",\"selector\":\"[href=\"/signup\"]\"}\n  (Session info: chrome=59.0.3071.86)\n  (Driver info: chromedriver=2.32.498550 (9dec58e66c31bcc53a9ce3c7226f0c1c5810906a),platform=Windows NT 6.1.7601 SP1 x86_64)\n    at Object.checkLegacyResponse (node_modules\\selenium-webdriver\\lib\\error.js:529:15)\n    at parseHttpResponse (node_modules\\selenium-webdriver\\lib\\http.js:509:13)\n    at doSend.then.response (node_modules\\selenium-webdriver\\lib\\http.js:441:30)\n    at <anonymous>\n    at process._tickCallback (internal/process/next_tick.js:188:7)\nFrom: Task: WebDriver.findElement(By(css selector, [href=\"/signup\"]))\n    at thenableWebDriverProxy.schedule (node_modules\\selenium-webdriver\\lib\\webdriver.js:807:17)\n    at thenableWebDriverProxy.findElement (node_modules\\selenium-webdriver\\lib\\webdriver.js:1014:17)\n    at Context.<anonymous> (test.js:21:26)\nFrom: Task: WebElement.click()\n    at thenableWebDriverProxy.schedule (node_modules\\selenium-webdriver\\lib\\webdriver.js:807:17)\n    at WebElementPromise.schedule_ (node_modules\\selenium-webdriver\\lib\\webdriver.js:2015:25)\n    at WebElementPromise.click (node_modules\\selenium-webdriver\\lib\\webdriver.js:2096:17)\n    at Context.<anonymous> (test.js:21:64)"
                },
                "isRoot": false,
                "uuid": "c0960032-84c8-49ec-a83d-56d815867234",
                "parentUUID": "3ebb6b48-8345-4d07-bbca-27ae880476e6",
                "isHook": false,
                "skipped": false
              },
              {
                "title": "导航到用户注册页面",
                "fullTitle": "测试用户注册登录 注册用户 导航到用户注册页面",
                "timedOut": false,
                "duration": 30,
                "state": "failed",
                "pass": false,
                "fail": true,
                "pending": false,
                "code": "async function () {\n            let singupurl =  await driver.getCurrentUrl();\n            return assert.equal(\"http://localhost:3000/signup1\",singupurl)",
                "err": {
                  "message": "AssertionError [ERR_ASSERTION]: 'http://localhost:3000/signup1' == 'http://localhost:3000/'",
                  "estack": "AssertionError [ERR_ASSERTION]: 'http://localhost:3000/signup1' == 'http://localhost:3000/'\n    at Context.<anonymous> (test.js:25:27)\n    at <anonymous>\n    at process._tickCallback (internal/process/next_tick.js:188:7)",
                  "diff": "- http://localhost:3000/signup1\n+ http://localhost:3000/\n"
                },
                "isRoot": false,
                "uuid": "0c08af34-7b15-4265-a53c-db8cdae68427",
                "parentUUID": "3ebb6b48-8345-4d07-bbca-27ae880476e6",
                "isHook": false,
                "skipped": false
              },
              {
                "title": "输入用户名",
                "fullTitle": "测试用户注册登录 注册用户 输入用户名",
                "timedOut": false,
                "duration": 47,
                "state": "failed",
                "pass": false,
                "fail": true,
                "pending": false,
                "code": "async function () {\n            await driver.findElement({id:'loginname'}).sendKeys('ronnie2');",
                "err": {
                  "message": "NoSuchElementError: no such element: Unable to locate element: {\"method\":\"css selector\",\"selector\":\"*[id=\"loginname\"]\"}\n  (Session info: chrome=59.0.3071.86)\n  (Driver info: chromedriver=2.32.498550 (9dec58e66c31bcc53a9ce3c7226f0c1c5810906a),platform=Windows NT 6.1.7601 SP1 x86_64)",
                  "estack": "NoSuchElementError: no such element: Unable to locate element: {\"method\":\"css selector\",\"selector\":\"*[id=\"loginname\"]\"}\n  (Session info: chrome=59.0.3071.86)\n  (Driver info: chromedriver=2.32.498550 (9dec58e66c31bcc53a9ce3c7226f0c1c5810906a),platform=Windows NT 6.1.7601 SP1 x86_64)\n    at Object.checkLegacyResponse (node_modules\\selenium-webdriver\\lib\\error.js:529:15)\n    at parseHttpResponse (node_modules\\selenium-webdriver\\lib\\http.js:509:13)\n    at doSend.then.response (node_modules\\selenium-webdriver\\lib\\http.js:441:30)\n    at <anonymous>\n    at process._tickCallback (internal/process/next_tick.js:188:7)\nFrom: Task: WebDriver.findElement(By(css selector, *[id=\"loginname\"]))\n    at thenableWebDriverProxy.schedule (node_modules\\selenium-webdriver\\lib\\webdriver.js:807:17)\n    at thenableWebDriverProxy.findElement (node_modules\\selenium-webdriver\\lib\\webdriver.js:1014:17)\n    at Context.<anonymous> (test.js:28:26)\nFrom: Task: WebElement.sendKeys()\n    at thenableWebDriverProxy.schedule (node_modules\\selenium-webdriver\\lib\\webdriver.js:807:17)\n    at WebElementPromise.schedule_ (node_modules\\selenium-webdriver\\lib\\webdriver.js:2015:25)\n    at WebElementPromise.sendKeys (node_modules\\selenium-webdriver\\lib\\webdriver.js:2178:19)\n    at Context.<anonymous> (test.js:28:56)"
                },
                "isRoot": false,
                "uuid": "e482f55e-b61c-42d3-ba45-e2045c789340",
                "parentUUID": "3ebb6b48-8345-4d07-bbca-27ae880476e6",
                "isHook": false,
                "skipped": false
              },
              {
                "title": "输入密码",
                "fullTitle": "测试用户注册登录 注册用户 输入密码",
                "timedOut": false,
                "duration": 56,
                "state": "failed",
                "pass": false,
                "fail": true,
                "pending": false,
                "code": "async function (){\n            await driver.findElement({id:'pass'}).sendKeys('123456')",
                "err": {
                  "message": "NoSuchElementError: no such element: Unable to locate element: {\"method\":\"css selector\",\"selector\":\"*[id=\"pass\"]\"}\n  (Session info: chrome=59.0.3071.86)\n  (Driver info: chromedriver=2.32.498550 (9dec58e66c31bcc53a9ce3c7226f0c1c5810906a),platform=Windows NT 6.1.7601 SP1 x86_64)",
                  "estack": "NoSuchElementError: no such element: Unable to locate element: {\"method\":\"css selector\",\"selector\":\"*[id=\"pass\"]\"}\n  (Session info: chrome=59.0.3071.86)\n  (Driver info: chromedriver=2.32.498550 (9dec58e66c31bcc53a9ce3c7226f0c1c5810906a),platform=Windows NT 6.1.7601 SP1 x86_64)\n    at Object.checkLegacyResponse (node_modules\\selenium-webdriver\\lib\\error.js:529:15)\n    at parseHttpResponse (node_modules\\selenium-webdriver\\lib\\http.js:509:13)\n    at doSend.then.response (node_modules\\selenium-webdriver\\lib\\http.js:441:30)\n    at <anonymous>\n    at process._tickCallback (internal/process/next_tick.js:188:7)\nFrom: Task: WebDriver.findElement(By(css selector, *[id=\"pass\"]))\n    at thenableWebDriverProxy.schedule (node_modules\\selenium-webdriver\\lib\\webdriver.js:807:17)\n    at thenableWebDriverProxy.findElement (node_modules\\selenium-webdriver\\lib\\webdriver.js:1014:17)\n    at Context.<anonymous> (test.js:31:26)\nFrom: Task: WebElement.sendKeys()\n    at thenableWebDriverProxy.schedule (node_modules\\selenium-webdriver\\lib\\webdriver.js:807:17)\n    at WebElementPromise.schedule_ (node_modules\\selenium-webdriver\\lib\\webdriver.js:2015:25)\n    at WebElementPromise.sendKeys (node_modules\\selenium-webdriver\\lib\\webdriver.js:2178:19)\n    at Context.<anonymous> (test.js:31:51)"
                },
                "isRoot": false,
                "uuid": "791c1815-5fc5-406e-8df4-f757663b09e9",
                "parentUUID": "3ebb6b48-8345-4d07-bbca-27ae880476e6",
                "isHook": false,
                "skipped": false
              },
              {
                "title": "确认密码",
                "fullTitle": "测试用户注册登录 注册用户 确认密码",
                "timedOut": false,
                "duration": 45,
                "state": "failed",
                "pass": false,
                "fail": true,
                "pending": false,
                "code": "async function (){\n            await driver.findElement({id:'re_pass'}).sendKeys('1234567')",
                "err": {
                  "message": "NoSuchElementError: no such element: Unable to locate element: {\"method\":\"css selector\",\"selector\":\"*[id=\"re_pass\"]\"}\n  (Session info: chrome=59.0.3071.86)\n  (Driver info: chromedriver=2.32.498550 (9dec58e66c31bcc53a9ce3c7226f0c1c5810906a),platform=Windows NT 6.1.7601 SP1 x86_64)",
                  "estack": "NoSuchElementError: no such element: Unable to locate element: {\"method\":\"css selector\",\"selector\":\"*[id=\"re_pass\"]\"}\n  (Session info: chrome=59.0.3071.86)\n  (Driver info: chromedriver=2.32.498550 (9dec58e66c31bcc53a9ce3c7226f0c1c5810906a),platform=Windows NT 6.1.7601 SP1 x86_64)\n    at Object.checkLegacyResponse (node_modules\\selenium-webdriver\\lib\\error.js:529:15)\n    at parseHttpResponse (node_modules\\selenium-webdriver\\lib\\http.js:509:13)\n    at doSend.then.response (node_modules\\selenium-webdriver\\lib\\http.js:441:30)\n    at <anonymous>\n    at process._tickCallback (internal/process/next_tick.js:188:7)\nFrom: Task: WebDriver.findElement(By(css selector, *[id=\"re_pass\"]))\n    at thenableWebDriverProxy.schedule (node_modules\\selenium-webdriver\\lib\\webdriver.js:807:17)\n    at thenableWebDriverProxy.findElement (node_modules\\selenium-webdriver\\lib\\webdriver.js:1014:17)\n    at Context.<anonymous> (test.js:34:26)\nFrom: Task: WebElement.sendKeys()\n    at thenableWebDriverProxy.schedule (node_modules\\selenium-webdriver\\lib\\webdriver.js:807:17)\n    at WebElementPromise.schedule_ (node_modules\\selenium-webdriver\\lib\\webdriver.js:2015:25)\n    at WebElementPromise.sendKeys (node_modules\\selenium-webdriver\\lib\\webdriver.js:2178:19)\n    at Context.<anonymous> (test.js:34:54)"
                },
                "isRoot": false,
                "uuid": "e408bf98-8bc9-4848-8240-0f8148b171ad",
                "parentUUID": "3ebb6b48-8345-4d07-bbca-27ae880476e6",
                "isHook": false,
                "skipped": false
              },
              {
                "title": "判断密码输入是否正确",
                "fullTitle": "测试用户注册登录 注册用户 判断密码输入是否正确",
                "timedOut": false,
                "duration": 0,
                "state": "passed",
                "speed": "fast",
                "pass": true,
                "fail": false,
                "pending": false,
                "code": "async function (){",
                "err": {},
                "isRoot": false,
                "uuid": "bca2004c-1454-4c5d-a127-dab3c0f80675",
                "parentUUID": "3ebb6b48-8345-4d07-bbca-27ae880476e6",
                "isHook": false,
                "skipped": false
              }
            ],
            "pending": [],
            "root": false,
            "_timeout": 60000,
            "file": "\\test.js",
            "uuid": "3ebb6b48-8345-4d07-bbca-27ae880476e6",
            "beforeHooks": [],
            "afterHooks": [],
            "fullFile": "D:\\Auto-test\\testcode\\2017-9-10-mocha\\MOCHA\\test.js",
            "passes": [
              {
                "title": "导航到登录页面",
                "fullTitle": "测试用户注册登录 注册用户 导航到登录页面",
                "timedOut": false,
                "duration": 10647,
                "state": "passed",
                "speed": "slow",
                "pass": true,
                "fail": false,
                "pending": false,
                "code": "async function () {\n            await driver.get(\"http://localhost:3000\")",
                "err": {},
                "isRoot": false,
                "uuid": "d6ab5015-ec15-4418-be58-2634dc716c8d",
                "parentUUID": "3ebb6b48-8345-4d07-bbca-27ae880476e6",
                "isHook": false,
                "skipped": false
              },
              {
                "title": "判断密码输入是否正确",
                "fullTitle": "测试用户注册登录 注册用户 判断密码输入是否正确",
                "timedOut": false,
                "duration": 0,
                "state": "passed",
                "speed": "fast",
                "pass": true,
                "fail": false,
                "pending": false,
                "code": "async function (){",
                "err": {},
                "isRoot": false,
                "uuid": "bca2004c-1454-4c5d-a127-dab3c0f80675",
                "parentUUID": "3ebb6b48-8345-4d07-bbca-27ae880476e6",
                "isHook": false,
                "skipped": false
              }
            ],
            "failures": [
              {
                "title": "点击注册按钮",
                "fullTitle": "测试用户注册登录 注册用户 点击注册按钮",
                "timedOut": false,
                "duration": 37,
                "state": "failed",
                "pass": false,
                "fail": true,
                "pending": false,
                "code": "async function () {\n            await driver.findElement({css:'[href=\"/signup\"]'}).click()",
                "err": {
                  "message": "NoSuchElementError: no such element: Unable to locate element: {\"method\":\"css selector\",\"selector\":\"[href=\"/signup\"]\"}\n  (Session info: chrome=59.0.3071.86)\n  (Driver info: chromedriver=2.32.498550 (9dec58e66c31bcc53a9ce3c7226f0c1c5810906a),platform=Windows NT 6.1.7601 SP1 x86_64)",
                  "estack": "NoSuchElementError: no such element: Unable to locate element: {\"method\":\"css selector\",\"selector\":\"[href=\"/signup\"]\"}\n  (Session info: chrome=59.0.3071.86)\n  (Driver info: chromedriver=2.32.498550 (9dec58e66c31bcc53a9ce3c7226f0c1c5810906a),platform=Windows NT 6.1.7601 SP1 x86_64)\n    at Object.checkLegacyResponse (node_modules\\selenium-webdriver\\lib\\error.js:529:15)\n    at parseHttpResponse (node_modules\\selenium-webdriver\\lib\\http.js:509:13)\n    at doSend.then.response (node_modules\\selenium-webdriver\\lib\\http.js:441:30)\n    at <anonymous>\n    at process._tickCallback (internal/process/next_tick.js:188:7)\nFrom: Task: WebDriver.findElement(By(css selector, [href=\"/signup\"]))\n    at thenableWebDriverProxy.schedule (node_modules\\selenium-webdriver\\lib\\webdriver.js:807:17)\n    at thenableWebDriverProxy.findElement (node_modules\\selenium-webdriver\\lib\\webdriver.js:1014:17)\n    at Context.<anonymous> (test.js:21:26)\nFrom: Task: WebElement.click()\n    at thenableWebDriverProxy.schedule (node_modules\\selenium-webdriver\\lib\\webdriver.js:807:17)\n    at WebElementPromise.schedule_ (node_modules\\selenium-webdriver\\lib\\webdriver.js:2015:25)\n    at WebElementPromise.click (node_modules\\selenium-webdriver\\lib\\webdriver.js:2096:17)\n    at Context.<anonymous> (test.js:21:64)"
                },
                "isRoot": false,
                "uuid": "c0960032-84c8-49ec-a83d-56d815867234",
                "parentUUID": "3ebb6b48-8345-4d07-bbca-27ae880476e6",
                "isHook": false,
                "skipped": false
              },
              {
                "title": "导航到用户注册页面",
                "fullTitle": "测试用户注册登录 注册用户 导航到用户注册页面",
                "timedOut": false,
                "duration": 30,
                "state": "failed",
                "pass": false,
                "fail": true,
                "pending": false,
                "code": "async function () {\n            let singupurl =  await driver.getCurrentUrl();\n            return assert.equal(\"http://localhost:3000/signup1\",singupurl)",
                "err": {
                  "message": "AssertionError [ERR_ASSERTION]: 'http://localhost:3000/signup1' == 'http://localhost:3000/'",
                  "estack": "AssertionError [ERR_ASSERTION]: 'http://localhost:3000/signup1' == 'http://localhost:3000/'\n    at Context.<anonymous> (test.js:25:27)\n    at <anonymous>\n    at process._tickCallback (internal/process/next_tick.js:188:7)",
                  "diff": "- http://localhost:3000/signup1\n+ http://localhost:3000/\n"
                },
                "isRoot": false,
                "uuid": "0c08af34-7b15-4265-a53c-db8cdae68427",
                "parentUUID": "3ebb6b48-8345-4d07-bbca-27ae880476e6",
                "isHook": false,
                "skipped": false
              },
              {
                "title": "输入用户名",
                "fullTitle": "测试用户注册登录 注册用户 输入用户名",
                "timedOut": false,
                "duration": 47,
                "state": "failed",
                "pass": false,
                "fail": true,
                "pending": false,
                "code": "async function () {\n            await driver.findElement({id:'loginname'}).sendKeys('ronnie2');",
                "err": {
                  "message": "NoSuchElementError: no such element: Unable to locate element: {\"method\":\"css selector\",\"selector\":\"*[id=\"loginname\"]\"}\n  (Session info: chrome=59.0.3071.86)\n  (Driver info: chromedriver=2.32.498550 (9dec58e66c31bcc53a9ce3c7226f0c1c5810906a),platform=Windows NT 6.1.7601 SP1 x86_64)",
                  "estack": "NoSuchElementError: no such element: Unable to locate element: {\"method\":\"css selector\",\"selector\":\"*[id=\"loginname\"]\"}\n  (Session info: chrome=59.0.3071.86)\n  (Driver info: chromedriver=2.32.498550 (9dec58e66c31bcc53a9ce3c7226f0c1c5810906a),platform=Windows NT 6.1.7601 SP1 x86_64)\n    at Object.checkLegacyResponse (node_modules\\selenium-webdriver\\lib\\error.js:529:15)\n    at parseHttpResponse (node_modules\\selenium-webdriver\\lib\\http.js:509:13)\n    at doSend.then.response (node_modules\\selenium-webdriver\\lib\\http.js:441:30)\n    at <anonymous>\n    at process._tickCallback (internal/process/next_tick.js:188:7)\nFrom: Task: WebDriver.findElement(By(css selector, *[id=\"loginname\"]))\n    at thenableWebDriverProxy.schedule (node_modules\\selenium-webdriver\\lib\\webdriver.js:807:17)\n    at thenableWebDriverProxy.findElement (node_modules\\selenium-webdriver\\lib\\webdriver.js:1014:17)\n    at Context.<anonymous> (test.js:28:26)\nFrom: Task: WebElement.sendKeys()\n    at thenableWebDriverProxy.schedule (node_modules\\selenium-webdriver\\lib\\webdriver.js:807:17)\n    at WebElementPromise.schedule_ (node_modules\\selenium-webdriver\\lib\\webdriver.js:2015:25)\n    at WebElementPromise.sendKeys (node_modules\\selenium-webdriver\\lib\\webdriver.js:2178:19)\n    at Context.<anonymous> (test.js:28:56)"
                },
                "isRoot": false,
                "uuid": "e482f55e-b61c-42d3-ba45-e2045c789340",
                "parentUUID": "3ebb6b48-8345-4d07-bbca-27ae880476e6",
                "isHook": false,
                "skipped": false
              },
              {
                "title": "输入密码",
                "fullTitle": "测试用户注册登录 注册用户 输入密码",
                "timedOut": false,
                "duration": 56,
                "state": "failed",
                "pass": false,
                "fail": true,
                "pending": false,
                "code": "async function (){\n            await driver.findElement({id:'pass'}).sendKeys('123456')",
                "err": {
                  "message": "NoSuchElementError: no such element: Unable to locate element: {\"method\":\"css selector\",\"selector\":\"*[id=\"pass\"]\"}\n  (Session info: chrome=59.0.3071.86)\n  (Driver info: chromedriver=2.32.498550 (9dec58e66c31bcc53a9ce3c7226f0c1c5810906a),platform=Windows NT 6.1.7601 SP1 x86_64)",
                  "estack": "NoSuchElementError: no such element: Unable to locate element: {\"method\":\"css selector\",\"selector\":\"*[id=\"pass\"]\"}\n  (Session info: chrome=59.0.3071.86)\n  (Driver info: chromedriver=2.32.498550 (9dec58e66c31bcc53a9ce3c7226f0c1c5810906a),platform=Windows NT 6.1.7601 SP1 x86_64)\n    at Object.checkLegacyResponse (node_modules\\selenium-webdriver\\lib\\error.js:529:15)\n    at parseHttpResponse (node_modules\\selenium-webdriver\\lib\\http.js:509:13)\n    at doSend.then.response (node_modules\\selenium-webdriver\\lib\\http.js:441:30)\n    at <anonymous>\n    at process._tickCallback (internal/process/next_tick.js:188:7)\nFrom: Task: WebDriver.findElement(By(css selector, *[id=\"pass\"]))\n    at thenableWebDriverProxy.schedule (node_modules\\selenium-webdriver\\lib\\webdriver.js:807:17)\n    at thenableWebDriverProxy.findElement (node_modules\\selenium-webdriver\\lib\\webdriver.js:1014:17)\n    at Context.<anonymous> (test.js:31:26)\nFrom: Task: WebElement.sendKeys()\n    at thenableWebDriverProxy.schedule (node_modules\\selenium-webdriver\\lib\\webdriver.js:807:17)\n    at WebElementPromise.schedule_ (node_modules\\selenium-webdriver\\lib\\webdriver.js:2015:25)\n    at WebElementPromise.sendKeys (node_modules\\selenium-webdriver\\lib\\webdriver.js:2178:19)\n    at Context.<anonymous> (test.js:31:51)"
                },
                "isRoot": false,
                "uuid": "791c1815-5fc5-406e-8df4-f757663b09e9",
                "parentUUID": "3ebb6b48-8345-4d07-bbca-27ae880476e6",
                "isHook": false,
                "skipped": false
              },
              {
                "title": "确认密码",
                "fullTitle": "测试用户注册登录 注册用户 确认密码",
                "timedOut": false,
                "duration": 45,
                "state": "failed",
                "pass": false,
                "fail": true,
                "pending": false,
                "code": "async function (){\n            await driver.findElement({id:'re_pass'}).sendKeys('1234567')",
                "err": {
                  "message": "NoSuchElementError: no such element: Unable to locate element: {\"method\":\"css selector\",\"selector\":\"*[id=\"re_pass\"]\"}\n  (Session info: chrome=59.0.3071.86)\n  (Driver info: chromedriver=2.32.498550 (9dec58e66c31bcc53a9ce3c7226f0c1c5810906a),platform=Windows NT 6.1.7601 SP1 x86_64)",
                  "estack": "NoSuchElementError: no such element: Unable to locate element: {\"method\":\"css selector\",\"selector\":\"*[id=\"re_pass\"]\"}\n  (Session info: chrome=59.0.3071.86)\n  (Driver info: chromedriver=2.32.498550 (9dec58e66c31bcc53a9ce3c7226f0c1c5810906a),platform=Windows NT 6.1.7601 SP1 x86_64)\n    at Object.checkLegacyResponse (node_modules\\selenium-webdriver\\lib\\error.js:529:15)\n    at parseHttpResponse (node_modules\\selenium-webdriver\\lib\\http.js:509:13)\n    at doSend.then.response (node_modules\\selenium-webdriver\\lib\\http.js:441:30)\n    at <anonymous>\n    at process._tickCallback (internal/process/next_tick.js:188:7)\nFrom: Task: WebDriver.findElement(By(css selector, *[id=\"re_pass\"]))\n    at thenableWebDriverProxy.schedule (node_modules\\selenium-webdriver\\lib\\webdriver.js:807:17)\n    at thenableWebDriverProxy.findElement (node_modules\\selenium-webdriver\\lib\\webdriver.js:1014:17)\n    at Context.<anonymous> (test.js:34:26)\nFrom: Task: WebElement.sendKeys()\n    at thenableWebDriverProxy.schedule (node_modules\\selenium-webdriver\\lib\\webdriver.js:807:17)\n    at WebElementPromise.schedule_ (node_modules\\selenium-webdriver\\lib\\webdriver.js:2015:25)\n    at WebElementPromise.sendKeys (node_modules\\selenium-webdriver\\lib\\webdriver.js:2178:19)\n    at Context.<anonymous> (test.js:34:54)"
                },
                "isRoot": false,
                "uuid": "e408bf98-8bc9-4848-8240-0f8148b171ad",
                "parentUUID": "3ebb6b48-8345-4d07-bbca-27ae880476e6",
                "isHook": false,
                "skipped": false
              }
            ],
            "skipped": [],
            "hasBeforeHooks": false,
            "hasAfterHooks": false,
            "hasTests": true,
            "hasSuites": false,
            "totalTests": 7,
            "totalPasses": 2,
            "totalFailures": 5,
            "totalPending": 0,
            "totalSkipped": 0,
            "hasPasses": true,
            "hasFailures": true,
            "hasPending": false,
            "hasSkipped": false,
            "duration": 10862,
            "rootEmpty": false
          }
        ],
        "tests": [],
        "pending": [],
        "root": false,
        "_timeout": 60000,
        "file": "\\test.js",
        "uuid": "9e3f485e-c6cd-4e3f-b69f-5791c232ea8e",
        "beforeHooks": [],
        "afterHooks": [],
        "fullFile": "D:\\Auto-test\\testcode\\2017-9-10-mocha\\MOCHA\\test.js",
        "passes": [],
        "failures": [],
        "skipped": [],
        "hasBeforeHooks": false,
        "hasAfterHooks": false,
        "hasTests": false,
        "hasSuites": true,
        "totalTests": 0,
        "totalPasses": 0,
        "totalFailures": 0,
        "totalPending": 0,
        "totalSkipped": 0,
        "hasPasses": false,
        "hasFailures": false,
        "hasPending": false,
        "hasSkipped": false,
        "duration": 0,
        "rootEmpty": false
      }
    ],
    "tests": [],
    "pending": [],
    "root": true,
    "_timeout": 2000,
    "uuid": "74f6bc06-07e4-4da7-b201-7b4e670958f2",
    "beforeHooks": [],
    "afterHooks": [],
    "fullFile": "",
    "file": "",
    "passes": [],
    "failures": [],
    "skipped": [],
    "hasBeforeHooks": false,
    "hasAfterHooks": false,
    "hasTests": false,
    "hasSuites": true,
    "totalTests": 0,
    "totalPasses": 0,
    "totalFailures": 0,
    "totalPending": 0,
    "totalSkipped": 0,
    "hasPasses": false,
    "hasFailures": false,
    "hasPending": false,
    "hasSkipped": false,
    "duration": 0,
    "rootEmpty": true
  },
  "allTests": [
    {
      "title": "导航到登录页面",
      "fullTitle": "注册用户 导航到登录页面",
      "timedOut": false,
      "duration": 10647,
      "state": "passed",
      "speed": "slow",
      "pass": true,
      "fail": false,
      "pending": false,
      "code": "async function () {\n            await driver.get(\"http://localhost:3000\")",
      "err": {},
      "isRoot": false,
      "uuid": "d6ab5015-ec15-4418-be58-2634dc716c8d",
      "parentUUID": "3ebb6b48-8345-4d07-bbca-27ae880476e6",
      "isHook": false,
      "skipped": false
    },
    {
      "title": "点击注册按钮",
      "fullTitle": "注册用户 点击注册按钮",
      "timedOut": false,
      "duration": 37,
      "state": "failed",
      "pass": false,
      "fail": true,
      "pending": false,
      "code": "async function () {\n            await driver.findElement({css:'[href=\"/signup\"]'}).click()",
      "err": {
        "message": "NoSuchElementError: no such element: Unable to locate element: {\"method\":\"css selector\",\"selector\":\"[href=\"/signup\"]\"}\n  (Session info: chrome=59.0.3071.86)\n  (Driver info: chromedriver=2.32.498550 (9dec58e66c31bcc53a9ce3c7226f0c1c5810906a),platform=Windows NT 6.1.7601 SP1 x86_64)",
        "estack": "NoSuchElementError: no such element: Unable to locate element: {\"method\":\"css selector\",\"selector\":\"[href=\"/signup\"]\"}\n  (Session info: chrome=59.0.3071.86)\n  (Driver info: chromedriver=2.32.498550 (9dec58e66c31bcc53a9ce3c7226f0c1c5810906a),platform=Windows NT 6.1.7601 SP1 x86_64)\n    at Object.checkLegacyResponse (node_modules\\selenium-webdriver\\lib\\error.js:529:15)\n    at parseHttpResponse (node_modules\\selenium-webdriver\\lib\\http.js:509:13)\n    at doSend.then.response (node_modules\\selenium-webdriver\\lib\\http.js:441:30)\n    at <anonymous>\n    at process._tickCallback (internal/process/next_tick.js:188:7)\nFrom: Task: WebDriver.findElement(By(css selector, [href=\"/signup\"]))\n    at thenableWebDriverProxy.schedule (node_modules\\selenium-webdriver\\lib\\webdriver.js:807:17)\n    at thenableWebDriverProxy.findElement (node_modules\\selenium-webdriver\\lib\\webdriver.js:1014:17)\n    at Context.<anonymous> (test.js:21:26)\nFrom: Task: WebElement.click()\n    at thenableWebDriverProxy.schedule (node_modules\\selenium-webdriver\\lib\\webdriver.js:807:17)\n    at WebElementPromise.schedule_ (node_modules\\selenium-webdriver\\lib\\webdriver.js:2015:25)\n    at WebElementPromise.click (node_modules\\selenium-webdriver\\lib\\webdriver.js:2096:17)\n    at Context.<anonymous> (test.js:21:64)"
      },
      "isRoot": false,
      "uuid": "c0960032-84c8-49ec-a83d-56d815867234",
      "parentUUID": "3ebb6b48-8345-4d07-bbca-27ae880476e6",
      "isHook": false,
      "skipped": false
    },
    {
      "title": "导航到用户注册页面",
      "fullTitle": "注册用户 导航到用户注册页面",
      "timedOut": false,
      "duration": 30,
      "state": "failed",
      "pass": false,
      "fail": true,
      "pending": false,
      "code": "async function () {\n            let singupurl =  await driver.getCurrentUrl();\n            return assert.equal(\"http://localhost:3000/signup1\",singupurl)",
      "err": {
        "message": "AssertionError [ERR_ASSERTION]: 'http://localhost:3000/signup1' == 'http://localhost:3000/'",
        "estack": "AssertionError [ERR_ASSERTION]: 'http://localhost:3000/signup1' == 'http://localhost:3000/'\n    at Context.<anonymous> (test.js:25:27)\n    at <anonymous>\n    at process._tickCallback (internal/process/next_tick.js:188:7)",
        "diff": "- http://localhost:3000/signup1\n+ http://localhost:3000/\n"
      },
      "isRoot": false,
      "uuid": "0c08af34-7b15-4265-a53c-db8cdae68427",
      "parentUUID": "3ebb6b48-8345-4d07-bbca-27ae880476e6",
      "isHook": false,
      "skipped": false
    },
    {
      "title": "输入用户名",
      "fullTitle": "注册用户 输入用户名",
      "timedOut": false,
      "duration": 47,
      "state": "failed",
      "pass": false,
      "fail": true,
      "pending": false,
      "code": "async function () {\n            await driver.findElement({id:'loginname'}).sendKeys('ronnie2');",
      "err": {
        "message": "NoSuchElementError: no such element: Unable to locate element: {\"method\":\"css selector\",\"selector\":\"*[id=\"loginname\"]\"}\n  (Session info: chrome=59.0.3071.86)\n  (Driver info: chromedriver=2.32.498550 (9dec58e66c31bcc53a9ce3c7226f0c1c5810906a),platform=Windows NT 6.1.7601 SP1 x86_64)",
        "estack": "NoSuchElementError: no such element: Unable to locate element: {\"method\":\"css selector\",\"selector\":\"*[id=\"loginname\"]\"}\n  (Session info: chrome=59.0.3071.86)\n  (Driver info: chromedriver=2.32.498550 (9dec58e66c31bcc53a9ce3c7226f0c1c5810906a),platform=Windows NT 6.1.7601 SP1 x86_64)\n    at Object.checkLegacyResponse (node_modules\\selenium-webdriver\\lib\\error.js:529:15)\n    at parseHttpResponse (node_modules\\selenium-webdriver\\lib\\http.js:509:13)\n    at doSend.then.response (node_modules\\selenium-webdriver\\lib\\http.js:441:30)\n    at <anonymous>\n    at process._tickCallback (internal/process/next_tick.js:188:7)\nFrom: Task: WebDriver.findElement(By(css selector, *[id=\"loginname\"]))\n    at thenableWebDriverProxy.schedule (node_modules\\selenium-webdriver\\lib\\webdriver.js:807:17)\n    at thenableWebDriverProxy.findElement (node_modules\\selenium-webdriver\\lib\\webdriver.js:1014:17)\n    at Context.<anonymous> (test.js:28:26)\nFrom: Task: WebElement.sendKeys()\n    at thenableWebDriverProxy.schedule (node_modules\\selenium-webdriver\\lib\\webdriver.js:807:17)\n    at WebElementPromise.schedule_ (node_modules\\selenium-webdriver\\lib\\webdriver.js:2015:25)\n    at WebElementPromise.sendKeys (node_modules\\selenium-webdriver\\lib\\webdriver.js:2178:19)\n    at Context.<anonymous> (test.js:28:56)"
      },
      "isRoot": false,
      "uuid": "e482f55e-b61c-42d3-ba45-e2045c789340",
      "parentUUID": "3ebb6b48-8345-4d07-bbca-27ae880476e6",
      "isHook": false,
      "skipped": false
    },
    {
      "title": "输入密码",
      "fullTitle": "注册用户 输入密码",
      "timedOut": false,
      "duration": 56,
      "state": "failed",
      "pass": false,
      "fail": true,
      "pending": false,
      "code": "async function (){\n            await driver.findElement({id:'pass'}).sendKeys('123456')",
      "err": {
        "message": "NoSuchElementError: no such element: Unable to locate element: {\"method\":\"css selector\",\"selector\":\"*[id=\"pass\"]\"}\n  (Session info: chrome=59.0.3071.86)\n  (Driver info: chromedriver=2.32.498550 (9dec58e66c31bcc53a9ce3c7226f0c1c5810906a),platform=Windows NT 6.1.7601 SP1 x86_64)",
        "estack": "NoSuchElementError: no such element: Unable to locate element: {\"method\":\"css selector\",\"selector\":\"*[id=\"pass\"]\"}\n  (Session info: chrome=59.0.3071.86)\n  (Driver info: chromedriver=2.32.498550 (9dec58e66c31bcc53a9ce3c7226f0c1c5810906a),platform=Windows NT 6.1.7601 SP1 x86_64)\n    at Object.checkLegacyResponse (node_modules\\selenium-webdriver\\lib\\error.js:529:15)\n    at parseHttpResponse (node_modules\\selenium-webdriver\\lib\\http.js:509:13)\n    at doSend.then.response (node_modules\\selenium-webdriver\\lib\\http.js:441:30)\n    at <anonymous>\n    at process._tickCallback (internal/process/next_tick.js:188:7)\nFrom: Task: WebDriver.findElement(By(css selector, *[id=\"pass\"]))\n    at thenableWebDriverProxy.schedule (node_modules\\selenium-webdriver\\lib\\webdriver.js:807:17)\n    at thenableWebDriverProxy.findElement (node_modules\\selenium-webdriver\\lib\\webdriver.js:1014:17)\n    at Context.<anonymous> (test.js:31:26)\nFrom: Task: WebElement.sendKeys()\n    at thenableWebDriverProxy.schedule (node_modules\\selenium-webdriver\\lib\\webdriver.js:807:17)\n    at WebElementPromise.schedule_ (node_modules\\selenium-webdriver\\lib\\webdriver.js:2015:25)\n    at WebElementPromise.sendKeys (node_modules\\selenium-webdriver\\lib\\webdriver.js:2178:19)\n    at Context.<anonymous> (test.js:31:51)"
      },
      "isRoot": false,
      "uuid": "791c1815-5fc5-406e-8df4-f757663b09e9",
      "parentUUID": "3ebb6b48-8345-4d07-bbca-27ae880476e6",
      "isHook": false,
      "skipped": false
    },
    {
      "title": "确认密码",
      "fullTitle": "注册用户 确认密码",
      "timedOut": false,
      "duration": 45,
      "state": "failed",
      "pass": false,
      "fail": true,
      "pending": false,
      "code": "async function (){\n            await driver.findElement({id:'re_pass'}).sendKeys('1234567')",
      "err": {
        "message": "NoSuchElementError: no such element: Unable to locate element: {\"method\":\"css selector\",\"selector\":\"*[id=\"re_pass\"]\"}\n  (Session info: chrome=59.0.3071.86)\n  (Driver info: chromedriver=2.32.498550 (9dec58e66c31bcc53a9ce3c7226f0c1c5810906a),platform=Windows NT 6.1.7601 SP1 x86_64)",
        "estack": "NoSuchElementError: no such element: Unable to locate element: {\"method\":\"css selector\",\"selector\":\"*[id=\"re_pass\"]\"}\n  (Session info: chrome=59.0.3071.86)\n  (Driver info: chromedriver=2.32.498550 (9dec58e66c31bcc53a9ce3c7226f0c1c5810906a),platform=Windows NT 6.1.7601 SP1 x86_64)\n    at Object.checkLegacyResponse (node_modules\\selenium-webdriver\\lib\\error.js:529:15)\n    at parseHttpResponse (node_modules\\selenium-webdriver\\lib\\http.js:509:13)\n    at doSend.then.response (node_modules\\selenium-webdriver\\lib\\http.js:441:30)\n    at <anonymous>\n    at process._tickCallback (internal/process/next_tick.js:188:7)\nFrom: Task: WebDriver.findElement(By(css selector, *[id=\"re_pass\"]))\n    at thenableWebDriverProxy.schedule (node_modules\\selenium-webdriver\\lib\\webdriver.js:807:17)\n    at thenableWebDriverProxy.findElement (node_modules\\selenium-webdriver\\lib\\webdriver.js:1014:17)\n    at Context.<anonymous> (test.js:34:26)\nFrom: Task: WebElement.sendKeys()\n    at thenableWebDriverProxy.schedule (node_modules\\selenium-webdriver\\lib\\webdriver.js:807:17)\n    at WebElementPromise.schedule_ (node_modules\\selenium-webdriver\\lib\\webdriver.js:2015:25)\n    at WebElementPromise.sendKeys (node_modules\\selenium-webdriver\\lib\\webdriver.js:2178:19)\n    at Context.<anonymous> (test.js:34:54)"
      },
      "isRoot": false,
      "uuid": "e408bf98-8bc9-4848-8240-0f8148b171ad",
      "parentUUID": "3ebb6b48-8345-4d07-bbca-27ae880476e6",
      "isHook": false,
      "skipped": false
    },
    {
      "title": "判断密码输入是否正确",
      "fullTitle": "注册用户 判断密码输入是否正确",
      "timedOut": false,
      "duration": 0,
      "state": "passed",
      "speed": "fast",
      "pass": true,
      "fail": false,
      "pending": false,
      "code": "async function (){",
      "err": {},
      "isRoot": false,
      "uuid": "bca2004c-1454-4c5d-a127-dab3c0f80675",
      "parentUUID": "3ebb6b48-8345-4d07-bbca-27ae880476e6",
      "isHook": false,
      "skipped": false
    }
  ],
  "allPending": [],
  "allPasses": [
    {
      "title": "导航到登录页面",
      "fullTitle": "注册用户 导航到登录页面",
      "timedOut": false,
      "duration": 10647,
      "state": "passed",
      "speed": "slow",
      "pass": true,
      "fail": false,
      "pending": false,
      "code": "async function () {\n            await driver.get(\"http://localhost:3000\")",
      "err": {},
      "isRoot": false,
      "uuid": "d6ab5015-ec15-4418-be58-2634dc716c8d",
      "parentUUID": "3ebb6b48-8345-4d07-bbca-27ae880476e6",
      "isHook": false,
      "skipped": false
    },
    {
      "title": "判断密码输入是否正确",
      "fullTitle": "注册用户 判断密码输入是否正确",
      "timedOut": false,
      "duration": 0,
      "state": "passed",
      "speed": "fast",
      "pass": true,
      "fail": false,
      "pending": false,
      "code": "async function (){",
      "err": {},
      "isRoot": false,
      "uuid": "bca2004c-1454-4c5d-a127-dab3c0f80675",
      "parentUUID": "3ebb6b48-8345-4d07-bbca-27ae880476e6",
      "isHook": false,
      "skipped": false
    }
  ],
  "allFailures": [
    {
      "title": "点击注册按钮",
      "fullTitle": "注册用户 点击注册按钮",
      "timedOut": false,
      "duration": 37,
      "state": "failed",
      "pass": false,
      "fail": true,
      "pending": false,
      "code": "async function () {\n            await driver.findElement({css:'[href=\"/signup\"]'}).click()",
      "err": {
        "message": "NoSuchElementError: no such element: Unable to locate element: {\"method\":\"css selector\",\"selector\":\"[href=\"/signup\"]\"}\n  (Session info: chrome=59.0.3071.86)\n  (Driver info: chromedriver=2.32.498550 (9dec58e66c31bcc53a9ce3c7226f0c1c5810906a),platform=Windows NT 6.1.7601 SP1 x86_64)",
        "estack": "NoSuchElementError: no such element: Unable to locate element: {\"method\":\"css selector\",\"selector\":\"[href=\"/signup\"]\"}\n  (Session info: chrome=59.0.3071.86)\n  (Driver info: chromedriver=2.32.498550 (9dec58e66c31bcc53a9ce3c7226f0c1c5810906a),platform=Windows NT 6.1.7601 SP1 x86_64)\n    at Object.checkLegacyResponse (node_modules\\selenium-webdriver\\lib\\error.js:529:15)\n    at parseHttpResponse (node_modules\\selenium-webdriver\\lib\\http.js:509:13)\n    at doSend.then.response (node_modules\\selenium-webdriver\\lib\\http.js:441:30)\n    at <anonymous>\n    at process._tickCallback (internal/process/next_tick.js:188:7)\nFrom: Task: WebDriver.findElement(By(css selector, [href=\"/signup\"]))\n    at thenableWebDriverProxy.schedule (node_modules\\selenium-webdriver\\lib\\webdriver.js:807:17)\n    at thenableWebDriverProxy.findElement (node_modules\\selenium-webdriver\\lib\\webdriver.js:1014:17)\n    at Context.<anonymous> (test.js:21:26)\nFrom: Task: WebElement.click()\n    at thenableWebDriverProxy.schedule (node_modules\\selenium-webdriver\\lib\\webdriver.js:807:17)\n    at WebElementPromise.schedule_ (node_modules\\selenium-webdriver\\lib\\webdriver.js:2015:25)\n    at WebElementPromise.click (node_modules\\selenium-webdriver\\lib\\webdriver.js:2096:17)\n    at Context.<anonymous> (test.js:21:64)"
      },
      "isRoot": false,
      "uuid": "c0960032-84c8-49ec-a83d-56d815867234",
      "parentUUID": "3ebb6b48-8345-4d07-bbca-27ae880476e6",
      "isHook": false,
      "skipped": false
    },
    {
      "title": "导航到用户注册页面",
      "fullTitle": "注册用户 导航到用户注册页面",
      "timedOut": false,
      "duration": 30,
      "state": "failed",
      "pass": false,
      "fail": true,
      "pending": false,
      "code": "async function () {\n            let singupurl =  await driver.getCurrentUrl();\n            return assert.equal(\"http://localhost:3000/signup1\",singupurl)",
      "err": {
        "message": "AssertionError [ERR_ASSERTION]: 'http://localhost:3000/signup1' == 'http://localhost:3000/'",
        "estack": "AssertionError [ERR_ASSERTION]: 'http://localhost:3000/signup1' == 'http://localhost:3000/'\n    at Context.<anonymous> (test.js:25:27)\n    at <anonymous>\n    at process._tickCallback (internal/process/next_tick.js:188:7)",
        "diff": "- http://localhost:3000/signup1\n+ http://localhost:3000/\n"
      },
      "isRoot": false,
      "uuid": "0c08af34-7b15-4265-a53c-db8cdae68427",
      "parentUUID": "3ebb6b48-8345-4d07-bbca-27ae880476e6",
      "isHook": false,
      "skipped": false
    },
    {
      "title": "输入用户名",
      "fullTitle": "注册用户 输入用户名",
      "timedOut": false,
      "duration": 47,
      "state": "failed",
      "pass": false,
      "fail": true,
      "pending": false,
      "code": "async function () {\n            await driver.findElement({id:'loginname'}).sendKeys('ronnie2');",
      "err": {
        "message": "NoSuchElementError: no such element: Unable to locate element: {\"method\":\"css selector\",\"selector\":\"*[id=\"loginname\"]\"}\n  (Session info: chrome=59.0.3071.86)\n  (Driver info: chromedriver=2.32.498550 (9dec58e66c31bcc53a9ce3c7226f0c1c5810906a),platform=Windows NT 6.1.7601 SP1 x86_64)",
        "estack": "NoSuchElementError: no such element: Unable to locate element: {\"method\":\"css selector\",\"selector\":\"*[id=\"loginname\"]\"}\n  (Session info: chrome=59.0.3071.86)\n  (Driver info: chromedriver=2.32.498550 (9dec58e66c31bcc53a9ce3c7226f0c1c5810906a),platform=Windows NT 6.1.7601 SP1 x86_64)\n    at Object.checkLegacyResponse (node_modules\\selenium-webdriver\\lib\\error.js:529:15)\n    at parseHttpResponse (node_modules\\selenium-webdriver\\lib\\http.js:509:13)\n    at doSend.then.response (node_modules\\selenium-webdriver\\lib\\http.js:441:30)\n    at <anonymous>\n    at process._tickCallback (internal/process/next_tick.js:188:7)\nFrom: Task: WebDriver.findElement(By(css selector, *[id=\"loginname\"]))\n    at thenableWebDriverProxy.schedule (node_modules\\selenium-webdriver\\lib\\webdriver.js:807:17)\n    at thenableWebDriverProxy.findElement (node_modules\\selenium-webdriver\\lib\\webdriver.js:1014:17)\n    at Context.<anonymous> (test.js:28:26)\nFrom: Task: WebElement.sendKeys()\n    at thenableWebDriverProxy.schedule (node_modules\\selenium-webdriver\\lib\\webdriver.js:807:17)\n    at WebElementPromise.schedule_ (node_modules\\selenium-webdriver\\lib\\webdriver.js:2015:25)\n    at WebElementPromise.sendKeys (node_modules\\selenium-webdriver\\lib\\webdriver.js:2178:19)\n    at Context.<anonymous> (test.js:28:56)"
      },
      "isRoot": false,
      "uuid": "e482f55e-b61c-42d3-ba45-e2045c789340",
      "parentUUID": "3ebb6b48-8345-4d07-bbca-27ae880476e6",
      "isHook": false,
      "skipped": false
    },
    {
      "title": "输入密码",
      "fullTitle": "注册用户 输入密码",
      "timedOut": false,
      "duration": 56,
      "state": "failed",
      "pass": false,
      "fail": true,
      "pending": false,
      "code": "async function (){\n            await driver.findElement({id:'pass'}).sendKeys('123456')",
      "err": {
        "message": "NoSuchElementError: no such element: Unable to locate element: {\"method\":\"css selector\",\"selector\":\"*[id=\"pass\"]\"}\n  (Session info: chrome=59.0.3071.86)\n  (Driver info: chromedriver=2.32.498550 (9dec58e66c31bcc53a9ce3c7226f0c1c5810906a),platform=Windows NT 6.1.7601 SP1 x86_64)",
        "estack": "NoSuchElementError: no such element: Unable to locate element: {\"method\":\"css selector\",\"selector\":\"*[id=\"pass\"]\"}\n  (Session info: chrome=59.0.3071.86)\n  (Driver info: chromedriver=2.32.498550 (9dec58e66c31bcc53a9ce3c7226f0c1c5810906a),platform=Windows NT 6.1.7601 SP1 x86_64)\n    at Object.checkLegacyResponse (node_modules\\selenium-webdriver\\lib\\error.js:529:15)\n    at parseHttpResponse (node_modules\\selenium-webdriver\\lib\\http.js:509:13)\n    at doSend.then.response (node_modules\\selenium-webdriver\\lib\\http.js:441:30)\n    at <anonymous>\n    at process._tickCallback (internal/process/next_tick.js:188:7)\nFrom: Task: WebDriver.findElement(By(css selector, *[id=\"pass\"]))\n    at thenableWebDriverProxy.schedule (node_modules\\selenium-webdriver\\lib\\webdriver.js:807:17)\n    at thenableWebDriverProxy.findElement (node_modules\\selenium-webdriver\\lib\\webdriver.js:1014:17)\n    at Context.<anonymous> (test.js:31:26)\nFrom: Task: WebElement.sendKeys()\n    at thenableWebDriverProxy.schedule (node_modules\\selenium-webdriver\\lib\\webdriver.js:807:17)\n    at WebElementPromise.schedule_ (node_modules\\selenium-webdriver\\lib\\webdriver.js:2015:25)\n    at WebElementPromise.sendKeys (node_modules\\selenium-webdriver\\lib\\webdriver.js:2178:19)\n    at Context.<anonymous> (test.js:31:51)"
      },
      "isRoot": false,
      "uuid": "791c1815-5fc5-406e-8df4-f757663b09e9",
      "parentUUID": "3ebb6b48-8345-4d07-bbca-27ae880476e6",
      "isHook": false,
      "skipped": false
    },
    {
      "title": "确认密码",
      "fullTitle": "注册用户 确认密码",
      "timedOut": false,
      "duration": 45,
      "state": "failed",
      "pass": false,
      "fail": true,
      "pending": false,
      "code": "async function (){\n            await driver.findElement({id:'re_pass'}).sendKeys('1234567')",
      "err": {
        "message": "NoSuchElementError: no such element: Unable to locate element: {\"method\":\"css selector\",\"selector\":\"*[id=\"re_pass\"]\"}\n  (Session info: chrome=59.0.3071.86)\n  (Driver info: chromedriver=2.32.498550 (9dec58e66c31bcc53a9ce3c7226f0c1c5810906a),platform=Windows NT 6.1.7601 SP1 x86_64)",
        "estack": "NoSuchElementError: no such element: Unable to locate element: {\"method\":\"css selector\",\"selector\":\"*[id=\"re_pass\"]\"}\n  (Session info: chrome=59.0.3071.86)\n  (Driver info: chromedriver=2.32.498550 (9dec58e66c31bcc53a9ce3c7226f0c1c5810906a),platform=Windows NT 6.1.7601 SP1 x86_64)\n    at Object.checkLegacyResponse (node_modules\\selenium-webdriver\\lib\\error.js:529:15)\n    at parseHttpResponse (node_modules\\selenium-webdriver\\lib\\http.js:509:13)\n    at doSend.then.response (node_modules\\selenium-webdriver\\lib\\http.js:441:30)\n    at <anonymous>\n    at process._tickCallback (internal/process/next_tick.js:188:7)\nFrom: Task: WebDriver.findElement(By(css selector, *[id=\"re_pass\"]))\n    at thenableWebDriverProxy.schedule (node_modules\\selenium-webdriver\\lib\\webdriver.js:807:17)\n    at thenableWebDriverProxy.findElement (node_modules\\selenium-webdriver\\lib\\webdriver.js:1014:17)\n    at Context.<anonymous> (test.js:34:26)\nFrom: Task: WebElement.sendKeys()\n    at thenableWebDriverProxy.schedule (node_modules\\selenium-webdriver\\lib\\webdriver.js:807:17)\n    at WebElementPromise.schedule_ (node_modules\\selenium-webdriver\\lib\\webdriver.js:2015:25)\n    at WebElementPromise.sendKeys (node_modules\\selenium-webdriver\\lib\\webdriver.js:2178:19)\n    at Context.<anonymous> (test.js:34:54)"
      },
      "isRoot": false,
      "uuid": "e408bf98-8bc9-4848-8240-0f8148b171ad",
      "parentUUID": "3ebb6b48-8345-4d07-bbca-27ae880476e6",
      "isHook": false,
      "skipped": false
    }
  ],
  "copyrightYear": 2017
}