<!doctype html>
<html lang="en"><head><meta charset="utf-8"/><meta http-equiv="X-UA-Compatible" content="IE=edge"/><meta name="viewport" content="width=device-width, initial-scale=1"/><title>Mochawesome Report</title><link rel="stylesheet" href="assets/app.css"/></head><body data-raw="{
  &quot;stats&quot;: {
    &quot;suites&quot;: 2,
    &quot;tests&quot;: 7,
    &quot;passes&quot;: 2,
    &quot;pending&quot;: 0,
    &quot;failures&quot;: 5,
    &quot;start&quot;: &quot;2017-09-10T09:58:23.259Z&quot;,
    &quot;end&quot;: &quot;2017-09-10T09:58:34.180Z&quot;,
    &quot;duration&quot;: 10921,
    &quot;testsRegistered&quot;: 7,
    &quot;passPercent&quot;: 28.6,
    &quot;pendingPercent&quot;: 0,
    &quot;other&quot;: 0,
    &quot;hasOther&quot;: false,
    &quot;skipped&quot;: 0,
    &quot;hasSkipped&quot;: false,
    &quot;passPercentClass&quot;: &quot;danger&quot;,
    &quot;pendingPercentClass&quot;: &quot;danger&quot;
  },
  &quot;suites&quot;: {
    &quot;title&quot;: &quot;&quot;,
    &quot;suites&quot;: [
      {
        &quot;title&quot;: &quot;测试用户注册登录&quot;,
        &quot;suites&quot;: [
          {
            &quot;title&quot;: &quot;注册用户&quot;,
            &quot;suites&quot;: [],
            &quot;tests&quot;: [
              {
                &quot;title&quot;: &quot;导航到登录页面&quot;,
                &quot;fullTitle&quot;: &quot;测试用户注册登录 注册用户 导航到登录页面&quot;,
                &quot;timedOut&quot;: false,
                &quot;duration&quot;: 10647,
                &quot;state&quot;: &quot;passed&quot;,
                &quot;speed&quot;: &quot;slow&quot;,
                &quot;pass&quot;: true,
                &quot;fail&quot;: false,
                &quot;pending&quot;: false,
                &quot;code&quot;: &quot;async function () {\n            await driver.get(\&quot;http://localhost:3000\&quot;)&quot;,
                &quot;err&quot;: {},
                &quot;isRoot&quot;: false,
                &quot;uuid&quot;: &quot;d6ab5015-ec15-4418-be58-2634dc716c8d&quot;,
                &quot;parentUUID&quot;: &quot;3ebb6b48-8345-4d07-bbca-27ae880476e6&quot;,
                &quot;isHook&quot;: false,
                &quot;skipped&quot;: false
              },
              {
                &quot;title&quot;: &quot;点击注册按钮&quot;,
                &quot;fullTitle&quot;: &quot;测试用户注册登录 注册用户 点击注册按钮&quot;,
                &quot;timedOut&quot;: false,
                &quot;duration&quot;: 37,
                &quot;state&quot;: &quot;failed&quot;,
                &quot;pass&quot;: false,
                &quot;fail&quot;: true,
                &quot;pending&quot;: false,
                &quot;code&quot;: &quot;async function () {\n            await driver.findElement({css:&#x27;[href=\&quot;/signup\&quot;]&#x27;}).click()&quot;,
                &quot;err&quot;: {
                  &quot;message&quot;: &quot;NoSuchElementError: no such element: Unable to locate element: {\&quot;method\&quot;:\&quot;css selector\&quot;,\&quot;selector\&quot;:\&quot;[href=\&quot;/signup\&quot;]\&quot;}\n  (Session info: chrome=59.0.3071.86)\n  (Driver info: chromedriver=2.32.498550 (9dec58e66c31bcc53a9ce3c7226f0c1c5810906a),platform=Windows NT 6.1.7601 SP1 x86_64)&quot;,
                  &quot;estack&quot;: &quot;NoSuchElementError: no such element: Unable to locate element: {\&quot;method\&quot;:\&quot;css selector\&quot;,\&quot;selector\&quot;:\&quot;[href=\&quot;/signup\&quot;]\&quot;}\n  (Session info: chrome=59.0.3071.86)\n  (Driver info: chromedriver=2.32.498550 (9dec58e66c31bcc53a9ce3c7226f0c1c5810906a),platform=Windows NT 6.1.7601 SP1 x86_64)\n    at Object.checkLegacyResponse (node_modules\\selenium-webdriver\\lib\\error.js:529:15)\n    at parseHttpResponse (node_modules\\selenium-webdriver\\lib\\http.js:509:13)\n    at doSend.then.response (node_modules\\selenium-webdriver\\lib\\http.js:441:30)\n    at &lt;anonymous&gt;\n    at process._tickCallback (internal/process/next_tick.js:188:7)\nFrom: Task: WebDriver.findElement(By(css selector, [href=\&quot;/signup\&quot;]))\n    at thenableWebDriverProxy.schedule (node_modules\\selenium-webdriver\\lib\\webdriver.js:807:17)\n    at thenableWebDriverProxy.findElement (node_modules\\selenium-webdriver\\lib\\webdriver.js:1014:17)\n    at Context.&lt;anonymous&gt; (test.js:21:26)\nFrom: Task: WebElement.click()\n    at thenableWebDriverProxy.schedule (node_modules\\selenium-webdriver\\lib\\webdriver.js:807:17)\n    at WebElementPromise.schedule_ (node_modules\\selenium-webdriver\\lib\\webdriver.js:2015:25)\n    at WebElementPromise.click (node_modules\\selenium-webdriver\\lib\\webdriver.js:2096:17)\n    at Context.&lt;anonymous&gt; (test.js:21:64)&quot;
                },
                &quot;isRoot&quot;: false,
                &quot;uuid&quot;: &quot;c0960032-84c8-49ec-a83d-56d815867234&quot;,
                &quot;parentUUID&quot;: &quot;3ebb6b48-8345-4d07-bbca-27ae880476e6&quot;,
                &quot;isHook&quot;: false,
                &quot;skipped&quot;: false
              },
              {
                &quot;title&quot;: &quot;导航到用户注册页面&quot;,
                &quot;fullTitle&quot;: &quot;测试用户注册登录 注册用户 导航到用户注册页面&quot;,
                &quot;timedOut&quot;: false,
                &quot;duration&quot;: 30,
                &quot;state&quot;: &quot;failed&quot;,
                &quot;pass&quot;: false,
                &quot;fail&quot;: true,
                &quot;pending&quot;: false,
                &quot;code&quot;: &quot;async function () {\n            let singupurl =  await driver.getCurrentUrl();\n            return assert.equal(\&quot;http://localhost:3000/signup1\&quot;,singupurl)&quot;,
                &quot;err&quot;: {
                  &quot;message&quot;: &quot;AssertionError [ERR_ASSERTION]: &#x27;http://localhost:3000/signup1&#x27; == &#x27;http://localhost:3000/&#x27;&quot;,
                  &quot;estack&quot;: &quot;AssertionError [ERR_ASSERTION]: &#x27;http://localhost:3000/signup1&#x27; == &#x27;http://localhost:3000/&#x27;\n    at Context.&lt;anonymous&gt; (test.js:25:27)\n    at &lt;anonymous&gt;\n    at process._tickCallback (internal/process/next_tick.js:188:7)&quot;,
                  &quot;diff&quot;: &quot;- http://localhost:3000/signup1\n+ http://localhost:3000/\n&quot;
                },
                &quot;isRoot&quot;: false,
                &quot;uuid&quot;: &quot;0c08af34-7b15-4265-a53c-db8cdae68427&quot;,
                &quot;parentUUID&quot;: &quot;3ebb6b48-8345-4d07-bbca-27ae880476e6&quot;,
                &quot;isHook&quot;: false,
                &quot;skipped&quot;: false
              },
              {
                &quot;title&quot;: &quot;输入用户名&quot;,
                &quot;fullTitle&quot;: &quot;测试用户注册登录 注册用户 输入用户名&quot;,
                &quot;timedOut&quot;: false,
                &quot;duration&quot;: 47,
                &quot;state&quot;: &quot;failed&quot;,
                &quot;pass&quot;: false,
                &quot;fail&quot;: true,
                &quot;pending&quot;: false,
                &quot;code&quot;: &quot;async function () {\n            await driver.findElement({id:&#x27;loginname&#x27;}).sendKeys(&#x27;ronnie2&#x27;);&quot;,
                &quot;err&quot;: {
                  &quot;message&quot;: &quot;NoSuchElementError: no such element: Unable to locate element: {\&quot;method\&quot;:\&quot;css selector\&quot;,\&quot;selector\&quot;:\&quot;*[id=\&quot;loginname\&quot;]\&quot;}\n  (Session info: chrome=59.0.3071.86)\n  (Driver info: chromedriver=2.32.498550 (9dec58e66c31bcc53a9ce3c7226f0c1c5810906a),platform=Windows NT 6.1.7601 SP1 x86_64)&quot;,
                  &quot;estack&quot;: &quot;NoSuchElementError: no such element: Unable to locate element: {\&quot;method\&quot;:\&quot;css selector\&quot;,\&quot;selector\&quot;:\&quot;*[id=\&quot;loginname\&quot;]\&quot;}\n  (Session info: chrome=59.0.3071.86)\n  (Driver info: chromedriver=2.32.498550 (9dec58e66c31bcc53a9ce3c7226f0c1c5810906a),platform=Windows NT 6.1.7601 SP1 x86_64)\n    at Object.checkLegacyResponse (node_modules\\selenium-webdriver\\lib\\error.js:529:15)\n    at parseHttpResponse (node_modules\\selenium-webdriver\\lib\\http.js:509:13)\n    at doSend.then.response (node_modules\\selenium-webdriver\\lib\\http.js:441:30)\n    at &lt;anonymous&gt;\n    at process._tickCallback (internal/process/next_tick.js:188:7)\nFrom: Task: WebDriver.findElement(By(css selector, *[id=\&quot;loginname\&quot;]))\n    at thenableWebDriverProxy.schedule (node_modules\\selenium-webdriver\\lib\\webdriver.js:807:17)\n    at thenableWebDriverProxy.findElement (node_modules\\selenium-webdriver\\lib\\webdriver.js:1014:17)\n    at Context.&lt;anonymous&gt; (test.js:28:26)\nFrom: Task: WebElement.sendKeys()\n    at thenableWebDriverProxy.schedule (node_modules\\selenium-webdriver\\lib\\webdriver.js:807:17)\n    at WebElementPromise.schedule_ (node_modules\\selenium-webdriver\\lib\\webdriver.js:2015:25)\n    at WebElementPromise.sendKeys (node_modules\\selenium-webdriver\\lib\\webdriver.js:2178:19)\n    at Context.&lt;anonymous&gt; (test.js:28:56)&quot;
                },
                &quot;isRoot&quot;: false,
                &quot;uuid&quot;: &quot;e482f55e-b61c-42d3-ba45-e2045c789340&quot;,
                &quot;parentUUID&quot;: &quot;3ebb6b48-8345-4d07-bbca-27ae880476e6&quot;,
                &quot;isHook&quot;: false,
                &quot;skipped&quot;: false
              },
              {
                &quot;title&quot;: &quot;输入密码&quot;,
                &quot;fullTitle&quot;: &quot;测试用户注册登录 注册用户 输入密码&quot;,
                &quot;timedOut&quot;: false,
                &quot;duration&quot;: 56,
                &quot;state&quot;: &quot;failed&quot;,
                &quot;pass&quot;: false,
                &quot;fail&quot;: true,
                &quot;pending&quot;: false,
                &quot;code&quot;: &quot;async function (){\n            await driver.findElement({id:&#x27;pass&#x27;}).sendKeys(&#x27;123456&#x27;)&quot;,
                &quot;err&quot;: {
                  &quot;message&quot;: &quot;NoSuchElementError: no such element: Unable to locate element: {\&quot;method\&quot;:\&quot;css selector\&quot;,\&quot;selector\&quot;:\&quot;*[id=\&quot;pass\&quot;]\&quot;}\n  (Session info: chrome=59.0.3071.86)\n  (Driver info: chromedriver=2.32.498550 (9dec58e66c31bcc53a9ce3c7226f0c1c5810906a),platform=Windows NT 6.1.7601 SP1 x86_64)&quot;,
                  &quot;estack&quot;: &quot;NoSuchElementError: no such element: Unable to locate element: {\&quot;method\&quot;:\&quot;css selector\&quot;,\&quot;selector\&quot;:\&quot;*[id=\&quot;pass\&quot;]\&quot;}\n  (Session info: chrome=59.0.3071.86)\n  (Driver info: chromedriver=2.32.498550 (9dec58e66c31bcc53a9ce3c7226f0c1c5810906a),platform=Windows NT 6.1.7601 SP1 x86_64)\n    at Object.checkLegacyResponse (node_modules\\selenium-webdriver\\lib\\error.js:529:15)\n    at parseHttpResponse (node_modules\\selenium-webdriver\\lib\\http.js:509:13)\n    at doSend.then.response (node_modules\\selenium-webdriver\\lib\\http.js:441:30)\n    at &lt;anonymous&gt;\n    at process._tickCallback (internal/process/next_tick.js:188:7)\nFrom: Task: WebDriver.findElement(By(css selector, *[id=\&quot;pass\&quot;]))\n    at thenableWebDriverProxy.schedule (node_modules\\selenium-webdriver\\lib\\webdriver.js:807:17)\n    at thenableWebDriverProxy.findElement (node_modules\\selenium-webdriver\\lib\\webdriver.js:1014:17)\n    at Context.&lt;anonymous&gt; (test.js:31:26)\nFrom: Task: WebElement.sendKeys()\n    at thenableWebDriverProxy.schedule (node_modules\\selenium-webdriver\\lib\\webdriver.js:807:17)\n    at WebElementPromise.schedule_ (node_modules\\selenium-webdriver\\lib\\webdriver.js:2015:25)\n    at WebElementPromise.sendKeys (node_modules\\selenium-webdriver\\lib\\webdriver.js:2178:19)\n    at Context.&lt;anonymous&gt; (test.js:31:51)&quot;
                },
                &quot;isRoot&quot;: false,
                &quot;uuid&quot;: &quot;791c1815-5fc5-406e-8df4-f757663b09e9&quot;,
                &quot;parentUUID&quot;: &quot;3ebb6b48-8345-4d07-bbca-27ae880476e6&quot;,
                &quot;isHook&quot;: false,
                &quot;skipped&quot;: false
              },
              {
                &quot;title&quot;: &quot;确认密码&quot;,
                &quot;fullTitle&quot;: &quot;测试用户注册登录 注册用户 确认密码&quot;,
                &quot;timedOut&quot;: false,
                &quot;duration&quot;: 45,
                &quot;state&quot;: &quot;failed&quot;,
                &quot;pass&quot;: false,
                &quot;fail&quot;: true,
                &quot;pending&quot;: false,
                &quot;code&quot;: &quot;async function (){\n            await driver.findElement({id:&#x27;re_pass&#x27;}).sendKeys(&#x27;1234567&#x27;)&quot;,
                &quot;err&quot;: {
                  &quot;message&quot;: &quot;NoSuchElementError: no such element: Unable to locate element: {\&quot;method\&quot;:\&quot;css selector\&quot;,\&quot;selector\&quot;:\&quot;*[id=\&quot;re_pass\&quot;]\&quot;}\n  (Session info: chrome=59.0.3071.86)\n  (Driver info: chromedriver=2.32.498550 (9dec58e66c31bcc53a9ce3c7226f0c1c5810906a),platform=Windows NT 6.1.7601 SP1 x86_64)&quot;,
                  &quot;estack&quot;: &quot;NoSuchElementError: no such element: Unable to locate element: {\&quot;method\&quot;:\&quot;css selector\&quot;,\&quot;selector\&quot;:\&quot;*[id=\&quot;re_pass\&quot;]\&quot;}\n  (Session info: chrome=59.0.3071.86)\n  (Driver info: chromedriver=2.32.498550 (9dec58e66c31bcc53a9ce3c7226f0c1c5810906a),platform=Windows NT 6.1.7601 SP1 x86_64)\n    at Object.checkLegacyResponse (node_modules\\selenium-webdriver\\lib\\error.js:529:15)\n    at parseHttpResponse (node_modules\\selenium-webdriver\\lib\\http.js:509:13)\n    at doSend.then.response (node_modules\\selenium-webdriver\\lib\\http.js:441:30)\n    at &lt;anonymous&gt;\n    at process._tickCallback (internal/process/next_tick.js:188:7)\nFrom: Task: WebDriver.findElement(By(css selector, *[id=\&quot;re_pass\&quot;]))\n    at thenableWebDriverProxy.schedule (node_modules\\selenium-webdriver\\lib\\webdriver.js:807:17)\n    at thenableWebDriverProxy.findElement (node_modules\\selenium-webdriver\\lib\\webdriver.js:1014:17)\n    at Context.&lt;anonymous&gt; (test.js:34:26)\nFrom: Task: WebElement.sendKeys()\n    at thenableWebDriverProxy.schedule (node_modules\\selenium-webdriver\\lib\\webdriver.js:807:17)\n    at WebElementPromise.schedule_ (node_modules\\selenium-webdriver\\lib\\webdriver.js:2015:25)\n    at WebElementPromise.sendKeys (node_modules\\selenium-webdriver\\lib\\webdriver.js:2178:19)\n    at Context.&lt;anonymous&gt; (test.js:34:54)&quot;
                },
                &quot;isRoot&quot;: false,
                &quot;uuid&quot;: &quot;e408bf98-8bc9-4848-8240-0f8148b171ad&quot;,
                &quot;parentUUID&quot;: &quot;3ebb6b48-8345-4d07-bbca-27ae880476e6&quot;,
                &quot;isHook&quot;: false,
                &quot;skipped&quot;: false
              },
              {
                &quot;title&quot;: &quot;判断密码输入是否正确&quot;,
                &quot;fullTitle&quot;: &quot;测试用户注册登录 注册用户 判断密码输入是否正确&quot;,
                &quot;timedOut&quot;: false,
                &quot;duration&quot;: 0,
                &quot;state&quot;: &quot;passed&quot;,
                &quot;speed&quot;: &quot;fast&quot;,
                &quot;pass&quot;: true,
                &quot;fail&quot;: false,
                &quot;pending&quot;: false,
                &quot;code&quot;: &quot;async function (){&quot;,
                &quot;err&quot;: {},
                &quot;isRoot&quot;: false,
                &quot;uuid&quot;: &quot;bca2004c-1454-4c5d-a127-dab3c0f80675&quot;,
                &quot;parentUUID&quot;: &quot;3ebb6b48-8345-4d07-bbca-27ae880476e6&quot;,
                &quot;isHook&quot;: false,
                &quot;skipped&quot;: false
              }
            ],
            &quot;pending&quot;: [],
            &quot;root&quot;: false,
            &quot;_timeout&quot;: 60000,
            &quot;file&quot;: &quot;\\test.js&quot;,
            &quot;uuid&quot;: &quot;3ebb6b48-8345-4d07-bbca-27ae880476e6&quot;,
            &quot;beforeHooks&quot;: [],
            &quot;afterHooks&quot;: [],
            &quot;fullFile&quot;: &quot;D:\\Auto-test\\testcode\\2017-9-10-mocha\\MOCHA\\test.js&quot;,
            &quot;passes&quot;: [
              {
                &quot;title&quot;: &quot;导航到登录页面&quot;,
                &quot;fullTitle&quot;: &quot;测试用户注册登录 注册用户 导航到登录页面&quot;,
                &quot;timedOut&quot;: false,
                &quot;duration&quot;: 10647,
                &quot;state&quot;: &quot;passed&quot;,
                &quot;speed&quot;: &quot;slow&quot;,
                &quot;pass&quot;: true,
                &quot;fail&quot;: false,
                &quot;pending&quot;: false,
                &quot;code&quot;: &quot;async function () {\n            await driver.get(\&quot;http://localhost:3000\&quot;)&quot;,
                &quot;err&quot;: {},
                &quot;isRoot&quot;: false,
                &quot;uuid&quot;: &quot;d6ab5015-ec15-4418-be58-2634dc716c8d&quot;,
                &quot;parentUUID&quot;: &quot;3ebb6b48-8345-4d07-bbca-27ae880476e6&quot;,
                &quot;isHook&quot;: false,
                &quot;skipped&quot;: false
              },
              {
                &quot;title&quot;: &quot;判断密码输入是否正确&quot;,
                &quot;fullTitle&quot;: &quot;测试用户注册登录 注册用户 判断密码输入是否正确&quot;,
                &quot;timedOut&quot;: false,
                &quot;duration&quot;: 0,
                &quot;state&quot;: &quot;passed&quot;,
                &quot;speed&quot;: &quot;fast&quot;,
                &quot;pass&quot;: true,
                &quot;fail&quot;: false,
                &quot;pending&quot;: false,
                &quot;code&quot;: &quot;async function (){&quot;,
                &quot;err&quot;: {},
                &quot;isRoot&quot;: false,
                &quot;uuid&quot;: &quot;bca2004c-1454-4c5d-a127-dab3c0f80675&quot;,
                &quot;parentUUID&quot;: &quot;3ebb6b48-8345-4d07-bbca-27ae880476e6&quot;,
                &quot;isHook&quot;: false,
                &quot;skipped&quot;: false
              }
            ],
            &quot;failures&quot;: [
              {
                &quot;title&quot;: &quot;点击注册按钮&quot;,
                &quot;fullTitle&quot;: &quot;测试用户注册登录 注册用户 点击注册按钮&quot;,
                &quot;timedOut&quot;: false,
                &quot;duration&quot;: 37,
                &quot;state&quot;: &quot;failed&quot;,
                &quot;pass&quot;: false,
                &quot;fail&quot;: true,
                &quot;pending&quot;: false,
                &quot;code&quot;: &quot;async function () {\n            await driver.findElement({css:&#x27;[href=\&quot;/signup\&quot;]&#x27;}).click()&quot;,
                &quot;err&quot;: {
                  &quot;message&quot;: &quot;NoSuchElementError: no such element: Unable to locate element: {\&quot;method\&quot;:\&quot;css selector\&quot;,\&quot;selector\&quot;:\&quot;[href=\&quot;/signup\&quot;]\&quot;}\n  (Session info: chrome=59.0.3071.86)\n  (Driver info: chromedriver=2.32.498550 (9dec58e66c31bcc53a9ce3c7226f0c1c5810906a),platform=Windows NT 6.1.7601 SP1 x86_64)&quot;,
                  &quot;estack&quot;: &quot;NoSuchElementError: no such element: Unable to locate element: {\&quot;method\&quot;:\&quot;css selector\&quot;,\&quot;selector\&quot;:\&quot;[href=\&quot;/signup\&quot;]\&quot;}\n  (Session info: chrome=59.0.3071.86)\n  (Driver info: chromedriver=2.32.498550 (9dec58e66c31bcc53a9ce3c7226f0c1c5810906a),platform=Windows NT 6.1.7601 SP1 x86_64)\n    at Object.checkLegacyResponse (node_modules\\selenium-webdriver\\lib\\error.js:529:15)\n    at parseHttpResponse (node_modules\\selenium-webdriver\\lib\\http.js:509:13)\n    at doSend.then.response (node_modules\\selenium-webdriver\\lib\\http.js:441:30)\n    at &lt;anonymous&gt;\n    at process._tickCallback (internal/process/next_tick.js:188:7)\nFrom: Task: WebDriver.findElement(By(css selector, [href=\&quot;/signup\&quot;]))\n    at thenableWebDriverProxy.schedule (node_modules\\selenium-webdriver\\lib\\webdriver.js:807:17)\n    at thenableWebDriverProxy.findElement (node_modules\\selenium-webdriver\\lib\\webdriver.js:1014:17)\n    at Context.&lt;anonymous&gt; (test.js:21:26)\nFrom: Task: WebElement.click()\n    at thenableWebDriverProxy.schedule (node_modules\\selenium-webdriver\\lib\\webdriver.js:807:17)\n    at WebElementPromise.schedule_ (node_modules\\selenium-webdriver\\lib\\webdriver.js:2015:25)\n    at WebElementPromise.click (node_modules\\selenium-webdriver\\lib\\webdriver.js:2096:17)\n    at Context.&lt;anonymous&gt; (test.js:21:64)&quot;
                },
                &quot;isRoot&quot;: false,
                &quot;uuid&quot;: &quot;c0960032-84c8-49ec-a83d-56d815867234&quot;,
                &quot;parentUUID&quot;: &quot;3ebb6b48-8345-4d07-bbca-27ae880476e6&quot;,
                &quot;isHook&quot;: false,
                &quot;skipped&quot;: false
              },
              {
                &quot;title&quot;: &quot;导航到用户注册页面&quot;,
                &quot;fullTitle&quot;: &quot;测试用户注册登录 注册用户 导航到用户注册页面&quot;,
                &quot;timedOut&quot;: false,
                &quot;duration&quot;: 30,
                &quot;state&quot;: &quot;failed&quot;,
                &quot;pass&quot;: false,
                &quot;fail&quot;: true,
                &quot;pending&quot;: false,
                &quot;code&quot;: &quot;async function () {\n            let singupurl =  await driver.getCurrentUrl();\n            return assert.equal(\&quot;http://localhost:3000/signup1\&quot;,singupurl)&quot;,
                &quot;err&quot;: {
                  &quot;message&quot;: &quot;AssertionError [ERR_ASSERTION]: &#x27;http://localhost:3000/signup1&#x27; == &#x27;http://localhost:3000/&#x27;&quot;,
                  &quot;estack&quot;: &quot;AssertionError [ERR_ASSERTION]: &#x27;http://localhost:3000/signup1&#x27; == &#x27;http://localhost:3000/&#x27;\n    at Context.&lt;anonymous&gt; (test.js:25:27)\n    at &lt;anonymous&gt;\n    at process._tickCallback (internal/process/next_tick.js:188:7)&quot;,
                  &quot;diff&quot;: &quot;- http://localhost:3000/signup1\n+ http://localhost:3000/\n&quot;
                },
                &quot;isRoot&quot;: false,
                &quot;uuid&quot;: &quot;0c08af34-7b15-4265-a53c-db8cdae68427&quot;,
                &quot;parentUUID&quot;: &quot;3ebb6b48-8345-4d07-bbca-27ae880476e6&quot;,
                &quot;isHook&quot;: false,
                &quot;skipped&quot;: false
              },
              {
                &quot;title&quot;: &quot;输入用户名&quot;,
                &quot;fullTitle&quot;: &quot;测试用户注册登录 注册用户 输入用户名&quot;,
                &quot;timedOut&quot;: false,
                &quot;duration&quot;: 47,
                &quot;state&quot;: &quot;failed&quot;,
                &quot;pass&quot;: false,
                &quot;fail&quot;: true,
                &quot;pending&quot;: false,
                &quot;code&quot;: &quot;async function () {\n            await driver.findElement({id:&#x27;loginname&#x27;}).sendKeys(&#x27;ronnie2&#x27;);&quot;,
                &quot;err&quot;: {
                  &quot;message&quot;: &quot;NoSuchElementError: no such element: Unable to locate element: {\&quot;method\&quot;:\&quot;css selector\&quot;,\&quot;selector\&quot;:\&quot;*[id=\&quot;loginname\&quot;]\&quot;}\n  (Session info: chrome=59.0.3071.86)\n  (Driver info: chromedriver=2.32.498550 (9dec58e66c31bcc53a9ce3c7226f0c1c5810906a),platform=Windows NT 6.1.7601 SP1 x86_64)&quot;,
                  &quot;estack&quot;: &quot;NoSuchElementError: no such element: Unable to locate element: {\&quot;method\&quot;:\&quot;css selector\&quot;,\&quot;selector\&quot;:\&quot;*[id=\&quot;loginname\&quot;]\&quot;}\n  (Session info: chrome=59.0.3071.86)\n  (Driver info: chromedriver=2.32.498550 (9dec58e66c31bcc53a9ce3c7226f0c1c5810906a),platform=Windows NT 6.1.7601 SP1 x86_64)\n    at Object.checkLegacyResponse (node_modules\\selenium-webdriver\\lib\\error.js:529:15)\n    at parseHttpResponse (node_modules\\selenium-webdriver\\lib\\http.js:509:13)\n    at doSend.then.response (node_modules\\selenium-webdriver\\lib\\http.js:441:30)\n    at &lt;anonymous&gt;\n    at process._tickCallback (internal/process/next_tick.js:188:7)\nFrom: Task: WebDriver.findElement(By(css selector, *[id=\&quot;loginname\&quot;]))\n    at thenableWebDriverProxy.schedule (node_modules\\selenium-webdriver\\lib\\webdriver.js:807:17)\n    at thenableWebDriverProxy.findElement (node_modules\\selenium-webdriver\\lib\\webdriver.js:1014:17)\n    at Context.&lt;anonymous&gt; (test.js:28:26)\nFrom: Task: WebElement.sendKeys()\n    at thenableWebDriverProxy.schedule (node_modules\\selenium-webdriver\\lib\\webdriver.js:807:17)\n    at WebElementPromise.schedule_ (node_modules\\selenium-webdriver\\lib\\webdriver.js:2015:25)\n    at WebElementPromise.sendKeys (node_modules\\selenium-webdriver\\lib\\webdriver.js:2178:19)\n    at Context.&lt;anonymous&gt; (test.js:28:56)&quot;
                },
                &quot;isRoot&quot;: false,
                &quot;uuid&quot;: &quot;e482f55e-b61c-42d3-ba45-e2045c789340&quot;,
                &quot;parentUUID&quot;: &quot;3ebb6b48-8345-4d07-bbca-27ae880476e6&quot;,
                &quot;isHook&quot;: false,
                &quot;skipped&quot;: false
              },
              {
                &quot;title&quot;: &quot;输入密码&quot;,
                &quot;fullTitle&quot;: &quot;测试用户注册登录 注册用户 输入密码&quot;,
                &quot;timedOut&quot;: false,
                &quot;duration&quot;: 56,
                &quot;state&quot;: &quot;failed&quot;,
                &quot;pass&quot;: false,
                &quot;fail&quot;: true,
                &quot;pending&quot;: false,
                &quot;code&quot;: &quot;async function (){\n            await driver.findElement({id:&#x27;pass&#x27;}).sendKeys(&#x27;123456&#x27;)&quot;,
                &quot;err&quot;: {
                  &quot;message&quot;: &quot;NoSuchElementError: no such element: Unable to locate element: {\&quot;method\&quot;:\&quot;css selector\&quot;,\&quot;selector\&quot;:\&quot;*[id=\&quot;pass\&quot;]\&quot;}\n  (Session info: chrome=59.0.3071.86)\n  (Driver info: chromedriver=2.32.498550 (9dec58e66c31bcc53a9ce3c7226f0c1c5810906a),platform=Windows NT 6.1.7601 SP1 x86_64)&quot;,
                  &quot;estack&quot;: &quot;NoSuchElementError: no such element: Unable to locate element: {\&quot;method\&quot;:\&quot;css selector\&quot;,\&quot;selector\&quot;:\&quot;*[id=\&quot;pass\&quot;]\&quot;}\n  (Session info: chrome=59.0.3071.86)\n  (Driver info: chromedriver=2.32.498550 (9dec58e66c31bcc53a9ce3c7226f0c1c5810906a),platform=Windows NT 6.1.7601 SP1 x86_64)\n    at Object.checkLegacyResponse (node_modules\\selenium-webdriver\\lib\\error.js:529:15)\n    at parseHttpResponse (node_modules\\selenium-webdriver\\lib\\http.js:509:13)\n    at doSend.then.response (node_modules\\selenium-webdriver\\lib\\http.js:441:30)\n    at &lt;anonymous&gt;\n    at process._tickCallback (internal/process/next_tick.js:188:7)\nFrom: Task: WebDriver.findElement(By(css selector, *[id=\&quot;pass\&quot;]))\n    at thenableWebDriverProxy.schedule (node_modules\\selenium-webdriver\\lib\\webdriver.js:807:17)\n    at thenableWebDriverProxy.findElement (node_modules\\selenium-webdriver\\lib\\webdriver.js:1014:17)\n    at Context.&lt;anonymous&gt; (test.js:31:26)\nFrom: Task: WebElement.sendKeys()\n    at thenableWebDriverProxy.schedule (node_modules\\selenium-webdriver\\lib\\webdriver.js:807:17)\n    at WebElementPromise.schedule_ (node_modules\\selenium-webdriver\\lib\\webdriver.js:2015:25)\n    at WebElementPromise.sendKeys (node_modules\\selenium-webdriver\\lib\\webdriver.js:2178:19)\n    at Context.&lt;anonymous&gt; (test.js:31:51)&quot;
                },
                &quot;isRoot&quot;: false,
                &quot;uuid&quot;: &quot;791c1815-5fc5-406e-8df4-f757663b09e9&quot;,
                &quot;parentUUID&quot;: &quot;3ebb6b48-8345-4d07-bbca-27ae880476e6&quot;,
                &quot;isHook&quot;: false,
                &quot;skipped&quot;: false
              },
              {
                &quot;title&quot;: &quot;确认密码&quot;,
                &quot;fullTitle&quot;: &quot;测试用户注册登录 注册用户 确认密码&quot;,
                &quot;timedOut&quot;: false,
                &quot;duration&quot;: 45,
                &quot;state&quot;: &quot;failed&quot;,
                &quot;pass&quot;: false,
                &quot;fail&quot;: true,
                &quot;pending&quot;: false,
                &quot;code&quot;: &quot;async function (){\n            await driver.findElement({id:&#x27;re_pass&#x27;}).sendKeys(&#x27;1234567&#x27;)&quot;,
                &quot;err&quot;: {
                  &quot;message&quot;: &quot;NoSuchElementError: no such element: Unable to locate element: {\&quot;method\&quot;:\&quot;css selector\&quot;,\&quot;selector\&quot;:\&quot;*[id=\&quot;re_pass\&quot;]\&quot;}\n  (Session info: chrome=59.0.3071.86)\n  (Driver info: chromedriver=2.32.498550 (9dec58e66c31bcc53a9ce3c7226f0c1c5810906a),platform=Windows NT 6.1.7601 SP1 x86_64)&quot;,
                  &quot;estack&quot;: &quot;NoSuchElementError: no such element: Unable to locate element: {\&quot;method\&quot;:\&quot;css selector\&quot;,\&quot;selector\&quot;:\&quot;*[id=\&quot;re_pass\&quot;]\&quot;}\n  (Session info: chrome=59.0.3071.86)\n  (Driver info: chromedriver=2.32.498550 (9dec58e66c31bcc53a9ce3c7226f0c1c5810906a),platform=Windows NT 6.1.7601 SP1 x86_64)\n    at Object.checkLegacyResponse (node_modules\\selenium-webdriver\\lib\\error.js:529:15)\n    at parseHttpResponse (node_modules\\selenium-webdriver\\lib\\http.js:509:13)\n    at doSend.then.response (node_modules\\selenium-webdriver\\lib\\http.js:441:30)\n    at &lt;anonymous&gt;\n    at process._tickCallback (internal/process/next_tick.js:188:7)\nFrom: Task: WebDriver.findElement(By(css selector, *[id=\&quot;re_pass\&quot;]))\n    at thenableWebDriverProxy.schedule (node_modules\\selenium-webdriver\\lib\\webdriver.js:807:17)\n    at thenableWebDriverProxy.findElement (node_modules\\selenium-webdriver\\lib\\webdriver.js:1014:17)\n    at Context.&lt;anonymous&gt; (test.js:34:26)\nFrom: Task: WebElement.sendKeys()\n    at thenableWebDriverProxy.schedule (node_modules\\selenium-webdriver\\lib\\webdriver.js:807:17)\n    at WebElementPromise.schedule_ (node_modules\\selenium-webdriver\\lib\\webdriver.js:2015:25)\n    at WebElementPromise.sendKeys (node_modules\\selenium-webdriver\\lib\\webdriver.js:2178:19)\n    at Context.&lt;anonymous&gt; (test.js:34:54)&quot;
                },
                &quot;isRoot&quot;: false,
                &quot;uuid&quot;: &quot;e408bf98-8bc9-4848-8240-0f8148b171ad&quot;,
                &quot;parentUUID&quot;: &quot;3ebb6b48-8345-4d07-bbca-27ae880476e6&quot;,
                &quot;isHook&quot;: false,
                &quot;skipped&quot;: false
              }
            ],
            &quot;skipped&quot;: [],
            &quot;hasBeforeHooks&quot;: false,
            &quot;hasAfterHooks&quot;: false,
            &quot;hasTests&quot;: true,
            &quot;hasSuites&quot;: false,
            &quot;totalTests&quot;: 7,
            &quot;totalPasses&quot;: 2,
            &quot;totalFailures&quot;: 5,
            &quot;totalPending&quot;: 0,
            &quot;totalSkipped&quot;: 0,
            &quot;hasPasses&quot;: true,
            &quot;hasFailures&quot;: true,
            &quot;hasPending&quot;: false,
            &quot;hasSkipped&quot;: false,
            &quot;duration&quot;: 10862,
            &quot;rootEmpty&quot;: false
          }
        ],
        &quot;tests&quot;: [],
        &quot;pending&quot;: [],
        &quot;root&quot;: false,
        &quot;_timeout&quot;: 60000,
        &quot;file&quot;: &quot;\\test.js&quot;,
        &quot;uuid&quot;: &quot;9e3f485e-c6cd-4e3f-b69f-5791c232ea8e&quot;,
        &quot;beforeHooks&quot;: [],
        &quot;afterHooks&quot;: [],
        &quot;fullFile&quot;: &quot;D:\\Auto-test\\testcode\\2017-9-10-mocha\\MOCHA\\test.js&quot;,
        &quot;passes&quot;: [],
        &quot;failures&quot;: [],
        &quot;skipped&quot;: [],
        &quot;hasBeforeHooks&quot;: false,
        &quot;hasAfterHooks&quot;: false,
        &quot;hasTests&quot;: false,
        &quot;hasSuites&quot;: true,
        &quot;totalTests&quot;: 0,
        &quot;totalPasses&quot;: 0,
        &quot;totalFailures&quot;: 0,
        &quot;totalPending&quot;: 0,
        &quot;totalSkipped&quot;: 0,
        &quot;hasPasses&quot;: false,
        &quot;hasFailures&quot;: false,
        &quot;hasPending&quot;: false,
        &quot;hasSkipped&quot;: false,
        &quot;duration&quot;: 0,
        &quot;rootEmpty&quot;: false
      }
    ],
    &quot;tests&quot;: [],
    &quot;pending&quot;: [],
    &quot;root&quot;: true,
    &quot;_timeout&quot;: 2000,
    &quot;uuid&quot;: &quot;74f6bc06-07e4-4da7-b201-7b4e670958f2&quot;,
    &quot;beforeHooks&quot;: [],
    &quot;afterHooks&quot;: [],
    &quot;fullFile&quot;: &quot;&quot;,
    &quot;file&quot;: &quot;&quot;,
    &quot;passes&quot;: [],
    &quot;failures&quot;: [],
    &quot;skipped&quot;: [],
    &quot;hasBeforeHooks&quot;: false,
    &quot;hasAfterHooks&quot;: false,
    &quot;hasTests&quot;: false,
    &quot;hasSuites&quot;: true,
    &quot;totalTests&quot;: 0,
    &quot;totalPasses&quot;: 0,
    &quot;totalFailures&quot;: 0,
    &quot;totalPending&quot;: 0,
    &quot;totalSkipped&quot;: 0,
    &quot;hasPasses&quot;: false,
    &quot;hasFailures&quot;: false,
    &quot;hasPending&quot;: false,
    &quot;hasSkipped&quot;: false,
    &quot;duration&quot;: 0,
    &quot;rootEmpty&quot;: true
  },
  &quot;allTests&quot;: [
    {
      &quot;title&quot;: &quot;导航到登录页面&quot;,
      &quot;fullTitle&quot;: &quot;注册用户 导航到登录页面&quot;,
      &quot;timedOut&quot;: false,
      &quot;duration&quot;: 10647,
      &quot;state&quot;: &quot;passed&quot;,
      &quot;speed&quot;: &quot;slow&quot;,
      &quot;pass&quot;: true,
      &quot;fail&quot;: false,
      &quot;pending&quot;: false,
      &quot;code&quot;: &quot;async function () {\n            await driver.get(\&quot;http://localhost:3000\&quot;)&quot;,
      &quot;err&quot;: {},
      &quot;isRoot&quot;: false,
      &quot;uuid&quot;: &quot;d6ab5015-ec15-4418-be58-2634dc716c8d&quot;,
      &quot;parentUUID&quot;: &quot;3ebb6b48-8345-4d07-bbca-27ae880476e6&quot;,
      &quot;isHook&quot;: false,
      &quot;skipped&quot;: false
    },
    {
      &quot;title&quot;: &quot;点击注册按钮&quot;,
      &quot;fullTitle&quot;: &quot;注册用户 点击注册按钮&quot;,
      &quot;timedOut&quot;: false,
      &quot;duration&quot;: 37,
      &quot;state&quot;: &quot;failed&quot;,
      &quot;pass&quot;: false,
      &quot;fail&quot;: true,
      &quot;pending&quot;: false,
      &quot;code&quot;: &quot;async function () {\n            await driver.findElement({css:&#x27;[href=\&quot;/signup\&quot;]&#x27;}).click()&quot;,
      &quot;err&quot;: {
        &quot;message&quot;: &quot;NoSuchElementError: no such element: Unable to locate element: {\&quot;method\&quot;:\&quot;css selector\&quot;,\&quot;selector\&quot;:\&quot;[href=\&quot;/signup\&quot;]\&quot;}\n  (Session info: chrome=59.0.3071.86)\n  (Driver info: chromedriver=2.32.498550 (9dec58e66c31bcc53a9ce3c7226f0c1c5810906a),platform=Windows NT 6.1.7601 SP1 x86_64)&quot;,
        &quot;estack&quot;: &quot;NoSuchElementError: no such element: Unable to locate element: {\&quot;method\&quot;:\&quot;css selector\&quot;,\&quot;selector\&quot;:\&quot;[href=\&quot;/signup\&quot;]\&quot;}\n  (Session info: chrome=59.0.3071.86)\n  (Driver info: chromedriver=2.32.498550 (9dec58e66c31bcc53a9ce3c7226f0c1c5810906a),platform=Windows NT 6.1.7601 SP1 x86_64)\n    at Object.checkLegacyResponse (node_modules\\selenium-webdriver\\lib\\error.js:529:15)\n    at parseHttpResponse (node_modules\\selenium-webdriver\\lib\\http.js:509:13)\n    at doSend.then.response (node_modules\\selenium-webdriver\\lib\\http.js:441:30)\n    at &lt;anonymous&gt;\n    at process._tickCallback (internal/process/next_tick.js:188:7)\nFrom: Task: WebDriver.findElement(By(css selector, [href=\&quot;/signup\&quot;]))\n    at thenableWebDriverProxy.schedule (node_modules\\selenium-webdriver\\lib\\webdriver.js:807:17)\n    at thenableWebDriverProxy.findElement (node_modules\\selenium-webdriver\\lib\\webdriver.js:1014:17)\n    at Context.&lt;anonymous&gt; (test.js:21:26)\nFrom: Task: WebElement.click()\n    at thenableWebDriverProxy.schedule (node_modules\\selenium-webdriver\\lib\\webdriver.js:807:17)\n    at WebElementPromise.schedule_ (node_modules\\selenium-webdriver\\lib\\webdriver.js:2015:25)\n    at WebElementPromise.click (node_modules\\selenium-webdriver\\lib\\webdriver.js:2096:17)\n    at Context.&lt;anonymous&gt; (test.js:21:64)&quot;
      },
      &quot;isRoot&quot;: false,
      &quot;uuid&quot;: &quot;c0960032-84c8-49ec-a83d-56d815867234&quot;,
      &quot;parentUUID&quot;: &quot;3ebb6b48-8345-4d07-bbca-27ae880476e6&quot;,
      &quot;isHook&quot;: false,
      &quot;skipped&quot;: false
    },
    {
      &quot;title&quot;: &quot;导航到用户注册页面&quot;,
      &quot;fullTitle&quot;: &quot;注册用户 导航到用户注册页面&quot;,
      &quot;timedOut&quot;: false,
      &quot;duration&quot;: 30,
      &quot;state&quot;: &quot;failed&quot;,
      &quot;pass&quot;: false,
      &quot;fail&quot;: true,
      &quot;pending&quot;: false,
      &quot;code&quot;: &quot;async function () {\n            let singupurl =  await driver.getCurrentUrl();\n            return assert.equal(\&quot;http://localhost:3000/signup1\&quot;,singupurl)&quot;,
      &quot;err&quot;: {
        &quot;message&quot;: &quot;AssertionError [ERR_ASSERTION]: &#x27;http://localhost:3000/signup1&#x27; == &#x27;http://localhost:3000/&#x27;&quot;,
        &quot;estack&quot;: &quot;AssertionError [ERR_ASSERTION]: &#x27;http://localhost:3000/signup1&#x27; == &#x27;http://localhost:3000/&#x27;\n    at Context.&lt;anonymous&gt; (test.js:25:27)\n    at &lt;anonymous&gt;\n    at process._tickCallback (internal/process/next_tick.js:188:7)&quot;,
        &quot;diff&quot;: &quot;- http://localhost:3000/signup1\n+ http://localhost:3000/\n&quot;
      },
      &quot;isRoot&quot;: false,
      &quot;uuid&quot;: &quot;0c08af34-7b15-4265-a53c-db8cdae68427&quot;,
      &quot;parentUUID&quot;: &quot;3ebb6b48-8345-4d07-bbca-27ae880476e6&quot;,
      &quot;isHook&quot;: false,
      &quot;skipped&quot;: false
    },
    {
      &quot;title&quot;: &quot;输入用户名&quot;,
      &quot;fullTitle&quot;: &quot;注册用户 输入用户名&quot;,
      &quot;timedOut&quot;: false,
      &quot;duration&quot;: 47,
      &quot;state&quot;: &quot;failed&quot;,
      &quot;pass&quot;: false,
      &quot;fail&quot;: true,
      &quot;pending&quot;: false,
      &quot;code&quot;: &quot;async function () {\n            await driver.findElement({id:&#x27;loginname&#x27;}).sendKeys(&#x27;ronnie2&#x27;);&quot;,
      &quot;err&quot;: {
        &quot;message&quot;: &quot;NoSuchElementError: no such element: Unable to locate element: {\&quot;method\&quot;:\&quot;css selector\&quot;,\&quot;selector\&quot;:\&quot;*[id=\&quot;loginname\&quot;]\&quot;}\n  (Session info: chrome=59.0.3071.86)\n  (Driver info: chromedriver=2.32.498550 (9dec58e66c31bcc53a9ce3c7226f0c1c5810906a),platform=Windows NT 6.1.7601 SP1 x86_64)&quot;,
        &quot;estack&quot;: &quot;NoSuchElementError: no such element: Unable to locate element: {\&quot;method\&quot;:\&quot;css selector\&quot;,\&quot;selector\&quot;:\&quot;*[id=\&quot;loginname\&quot;]\&quot;}\n  (Session info: chrome=59.0.3071.86)\n  (Driver info: chromedriver=2.32.498550 (9dec58e66c31bcc53a9ce3c7226f0c1c5810906a),platform=Windows NT 6.1.7601 SP1 x86_64)\n    at Object.checkLegacyResponse (node_modules\\selenium-webdriver\\lib\\error.js:529:15)\n    at parseHttpResponse (node_modules\\selenium-webdriver\\lib\\http.js:509:13)\n    at doSend.then.response (node_modules\\selenium-webdriver\\lib\\http.js:441:30)\n    at &lt;anonymous&gt;\n    at process._tickCallback (internal/process/next_tick.js:188:7)\nFrom: Task: WebDriver.findElement(By(css selector, *[id=\&quot;loginname\&quot;]))\n    at thenableWebDriverProxy.schedule (node_modules\\selenium-webdriver\\lib\\webdriver.js:807:17)\n    at thenableWebDriverProxy.findElement (node_modules\\selenium-webdriver\\lib\\webdriver.js:1014:17)\n    at Context.&lt;anonymous&gt; (test.js:28:26)\nFrom: Task: WebElement.sendKeys()\n    at thenableWebDriverProxy.schedule (node_modules\\selenium-webdriver\\lib\\webdriver.js:807:17)\n    at WebElementPromise.schedule_ (node_modules\\selenium-webdriver\\lib\\webdriver.js:2015:25)\n    at WebElementPromise.sendKeys (node_modules\\selenium-webdriver\\lib\\webdriver.js:2178:19)\n    at Context.&lt;anonymous&gt; (test.js:28:56)&quot;
      },
      &quot;isRoot&quot;: false,
      &quot;uuid&quot;: &quot;e482f55e-b61c-42d3-ba45-e2045c789340&quot;,
      &quot;parentUUID&quot;: &quot;3ebb6b48-8345-4d07-bbca-27ae880476e6&quot;,
      &quot;isHook&quot;: false,
      &quot;skipped&quot;: false
    },
    {
      &quot;title&quot;: &quot;输入密码&quot;,
      &quot;fullTitle&quot;: &quot;注册用户 输入密码&quot;,
      &quot;timedOut&quot;: false,
      &quot;duration&quot;: 56,
      &quot;state&quot;: &quot;failed&quot;,
      &quot;pass&quot;: false,
      &quot;fail&quot;: true,
      &quot;pending&quot;: false,
      &quot;code&quot;: &quot;async function (){\n            await driver.findElement({id:&#x27;pass&#x27;}).sendKeys(&#x27;123456&#x27;)&quot;,
      &quot;err&quot;: {
        &quot;message&quot;: &quot;NoSuchElementError: no such element: Unable to locate element: {\&quot;method\&quot;:\&quot;css selector\&quot;,\&quot;selector\&quot;:\&quot;*[id=\&quot;pass\&quot;]\&quot;}\n  (Session info: chrome=59.0.3071.86)\n  (Driver info: chromedriver=2.32.498550 (9dec58e66c31bcc53a9ce3c7226f0c1c5810906a),platform=Windows NT 6.1.7601 SP1 x86_64)&quot;,
        &quot;estack&quot;: &quot;NoSuchElementError: no such element: Unable to locate element: {\&quot;method\&quot;:\&quot;css selector\&quot;,\&quot;selector\&quot;:\&quot;*[id=\&quot;pass\&quot;]\&quot;}\n  (Session info: chrome=59.0.3071.86)\n  (Driver info: chromedriver=2.32.498550 (9dec58e66c31bcc53a9ce3c7226f0c1c5810906a),platform=Windows NT 6.1.7601 SP1 x86_64)\n    at Object.checkLegacyResponse (node_modules\\selenium-webdriver\\lib\\error.js:529:15)\n    at parseHttpResponse (node_modules\\selenium-webdriver\\lib\\http.js:509:13)\n    at doSend.then.response (node_modules\\selenium-webdriver\\lib\\http.js:441:30)\n    at &lt;anonymous&gt;\n    at process._tickCallback (internal/process/next_tick.js:188:7)\nFrom: Task: WebDriver.findElement(By(css selector, *[id=\&quot;pass\&quot;]))\n    at thenableWebDriverProxy.schedule (node_modules\\selenium-webdriver\\lib\\webdriver.js:807:17)\n    at thenableWebDriverProxy.findElement (node_modules\\selenium-webdriver\\lib\\webdriver.js:1014:17)\n    at Context.&lt;anonymous&gt; (test.js:31:26)\nFrom: Task: WebElement.sendKeys()\n    at thenableWebDriverProxy.schedule (node_modules\\selenium-webdriver\\lib\\webdriver.js:807:17)\n    at WebElementPromise.schedule_ (node_modules\\selenium-webdriver\\lib\\webdriver.js:2015:25)\n    at WebElementPromise.sendKeys (node_modules\\selenium-webdriver\\lib\\webdriver.js:2178:19)\n    at Context.&lt;anonymous&gt; (test.js:31:51)&quot;
      },
      &quot;isRoot&quot;: false,
      &quot;uuid&quot;: &quot;791c1815-5fc5-406e-8df4-f757663b09e9&quot;,
      &quot;parentUUID&quot;: &quot;3ebb6b48-8345-4d07-bbca-27ae880476e6&quot;,
      &quot;isHook&quot;: false,
      &quot;skipped&quot;: false
    },
    {
      &quot;title&quot;: &quot;确认密码&quot;,
      &quot;fullTitle&quot;: &quot;注册用户 确认密码&quot;,
      &quot;timedOut&quot;: false,
      &quot;duration&quot;: 45,
      &quot;state&quot;: &quot;failed&quot;,
      &quot;pass&quot;: false,
      &quot;fail&quot;: true,
      &quot;pending&quot;: false,
      &quot;code&quot;: &quot;async function (){\n            await driver.findElement({id:&#x27;re_pass&#x27;}).sendKeys(&#x27;1234567&#x27;)&quot;,
      &quot;err&quot;: {
        &quot;message&quot;: &quot;NoSuchElementError: no such element: Unable to locate element: {\&quot;method\&quot;:\&quot;css selector\&quot;,\&quot;selector\&quot;:\&quot;*[id=\&quot;re_pass\&quot;]\&quot;}\n  (Session info: chrome=59.0.3071.86)\n  (Driver info: chromedriver=2.32.498550 (9dec58e66c31bcc53a9ce3c7226f0c1c5810906a),platform=Windows NT 6.1.7601 SP1 x86_64)&quot;,
        &quot;estack&quot;: &quot;NoSuchElementError: no such element: Unable to locate element: {\&quot;method\&quot;:\&quot;css selector\&quot;,\&quot;selector\&quot;:\&quot;*[id=\&quot;re_pass\&quot;]\&quot;}\n  (Session info: chrome=59.0.3071.86)\n  (Driver info: chromedriver=2.32.498550 (9dec58e66c31bcc53a9ce3c7226f0c1c5810906a),platform=Windows NT 6.1.7601 SP1 x86_64)\n    at Object.checkLegacyResponse (node_modules\\selenium-webdriver\\lib\\error.js:529:15)\n    at parseHttpResponse (node_modules\\selenium-webdriver\\lib\\http.js:509:13)\n    at doSend.then.response (node_modules\\selenium-webdriver\\lib\\http.js:441:30)\n    at &lt;anonymous&gt;\n    at process._tickCallback (internal/process/next_tick.js:188:7)\nFrom: Task: WebDriver.findElement(By(css selector, *[id=\&quot;re_pass\&quot;]))\n    at thenableWebDriverProxy.schedule (node_modules\\selenium-webdriver\\lib\\webdriver.js:807:17)\n    at thenableWebDriverProxy.findElement (node_modules\\selenium-webdriver\\lib\\webdriver.js:1014:17)\n    at Context.&lt;anonymous&gt; (test.js:34:26)\nFrom: Task: WebElement.sendKeys()\n    at thenableWebDriverProxy.schedule (node_modules\\selenium-webdriver\\lib\\webdriver.js:807:17)\n    at WebElementPromise.schedule_ (node_modules\\selenium-webdriver\\lib\\webdriver.js:2015:25)\n    at WebElementPromise.sendKeys (node_modules\\selenium-webdriver\\lib\\webdriver.js:2178:19)\n    at Context.&lt;anonymous&gt; (test.js:34:54)&quot;
      },
      &quot;isRoot&quot;: false,
      &quot;uuid&quot;: &quot;e408bf98-8bc9-4848-8240-0f8148b171ad&quot;,
      &quot;parentUUID&quot;: &quot;3ebb6b48-8345-4d07-bbca-27ae880476e6&quot;,
      &quot;isHook&quot;: false,
      &quot;skipped&quot;: false
    },
    {
      &quot;title&quot;: &quot;判断密码输入是否正确&quot;,
      &quot;fullTitle&quot;: &quot;注册用户 判断密码输入是否正确&quot;,
      &quot;timedOut&quot;: false,
      &quot;duration&quot;: 0,
      &quot;state&quot;: &quot;passed&quot;,
      &quot;speed&quot;: &quot;fast&quot;,
      &quot;pass&quot;: true,
      &quot;fail&quot;: false,
      &quot;pending&quot;: false,
      &quot;code&quot;: &quot;async function (){&quot;,
      &quot;err&quot;: {},
      &quot;isRoot&quot;: false,
      &quot;uuid&quot;: &quot;bca2004c-1454-4c5d-a127-dab3c0f80675&quot;,
      &quot;parentUUID&quot;: &quot;3ebb6b48-8345-4d07-bbca-27ae880476e6&quot;,
      &quot;isHook&quot;: false,
      &quot;skipped&quot;: false
    }
  ],
  &quot;allPending&quot;: [],
  &quot;allPasses&quot;: [
    {
      &quot;title&quot;: &quot;导航到登录页面&quot;,
      &quot;fullTitle&quot;: &quot;注册用户 导航到登录页面&quot;,
      &quot;timedOut&quot;: false,
      &quot;duration&quot;: 10647,
      &quot;state&quot;: &quot;passed&quot;,
      &quot;speed&quot;: &quot;slow&quot;,
      &quot;pass&quot;: true,
      &quot;fail&quot;: false,
      &quot;pending&quot;: false,
      &quot;code&quot;: &quot;async function () {\n            await driver.get(\&quot;http://localhost:3000\&quot;)&quot;,
      &quot;err&quot;: {},
      &quot;isRoot&quot;: false,
      &quot;uuid&quot;: &quot;d6ab5015-ec15-4418-be58-2634dc716c8d&quot;,
      &quot;parentUUID&quot;: &quot;3ebb6b48-8345-4d07-bbca-27ae880476e6&quot;,
      &quot;isHook&quot;: false,
      &quot;skipped&quot;: false
    },
    {
      &quot;title&quot;: &quot;判断密码输入是否正确&quot;,
      &quot;fullTitle&quot;: &quot;注册用户 判断密码输入是否正确&quot;,
      &quot;timedOut&quot;: false,
      &quot;duration&quot;: 0,
      &quot;state&quot;: &quot;passed&quot;,
      &quot;speed&quot;: &quot;fast&quot;,
      &quot;pass&quot;: true,
      &quot;fail&quot;: false,
      &quot;pending&quot;: false,
      &quot;code&quot;: &quot;async function (){&quot;,
      &quot;err&quot;: {},
      &quot;isRoot&quot;: false,
      &quot;uuid&quot;: &quot;bca2004c-1454-4c5d-a127-dab3c0f80675&quot;,
      &quot;parentUUID&quot;: &quot;3ebb6b48-8345-4d07-bbca-27ae880476e6&quot;,
      &quot;isHook&quot;: false,
      &quot;skipped&quot;: false
    }
  ],
  &quot;allFailures&quot;: [
    {
      &quot;title&quot;: &quot;点击注册按钮&quot;,
      &quot;fullTitle&quot;: &quot;注册用户 点击注册按钮&quot;,
      &quot;timedOut&quot;: false,
      &quot;duration&quot;: 37,
      &quot;state&quot;: &quot;failed&quot;,
      &quot;pass&quot;: false,
      &quot;fail&quot;: true,
      &quot;pending&quot;: false,
      &quot;code&quot;: &quot;async function () {\n            await driver.findElement({css:&#x27;[href=\&quot;/signup\&quot;]&#x27;}).click()&quot;,
      &quot;err&quot;: {
        &quot;message&quot;: &quot;NoSuchElementError: no such element: Unable to locate element: {\&quot;method\&quot;:\&quot;css selector\&quot;,\&quot;selector\&quot;:\&quot;[href=\&quot;/signup\&quot;]\&quot;}\n  (Session info: chrome=59.0.3071.86)\n  (Driver info: chromedriver=2.32.498550 (9dec58e66c31bcc53a9ce3c7226f0c1c5810906a),platform=Windows NT 6.1.7601 SP1 x86_64)&quot;,
        &quot;estack&quot;: &quot;NoSuchElementError: no such element: Unable to locate element: {\&quot;method\&quot;:\&quot;css selector\&quot;,\&quot;selector\&quot;:\&quot;[href=\&quot;/signup\&quot;]\&quot;}\n  (Session info: chrome=59.0.3071.86)\n  (Driver info: chromedriver=2.32.498550 (9dec58e66c31bcc53a9ce3c7226f0c1c5810906a),platform=Windows NT 6.1.7601 SP1 x86_64)\n    at Object.checkLegacyResponse (node_modules\\selenium-webdriver\\lib\\error.js:529:15)\n    at parseHttpResponse (node_modules\\selenium-webdriver\\lib\\http.js:509:13)\n    at doSend.then.response (node_modules\\selenium-webdriver\\lib\\http.js:441:30)\n    at &lt;anonymous&gt;\n    at process._tickCallback (internal/process/next_tick.js:188:7)\nFrom: Task: WebDriver.findElement(By(css selector, [href=\&quot;/signup\&quot;]))\n    at thenableWebDriverProxy.schedule (node_modules\\selenium-webdriver\\lib\\webdriver.js:807:17)\n    at thenableWebDriverProxy.findElement (node_modules\\selenium-webdriver\\lib\\webdriver.js:1014:17)\n    at Context.&lt;anonymous&gt; (test.js:21:26)\nFrom: Task: WebElement.click()\n    at thenableWebDriverProxy.schedule (node_modules\\selenium-webdriver\\lib\\webdriver.js:807:17)\n    at WebElementPromise.schedule_ (node_modules\\selenium-webdriver\\lib\\webdriver.js:2015:25)\n    at WebElementPromise.click (node_modules\\selenium-webdriver\\lib\\webdriver.js:2096:17)\n    at Context.&lt;anonymous&gt; (test.js:21:64)&quot;
      },
      &quot;isRoot&quot;: false,
      &quot;uuid&quot;: &quot;c0960032-84c8-49ec-a83d-56d815867234&quot;,
      &quot;parentUUID&quot;: &quot;3ebb6b48-8345-4d07-bbca-27ae880476e6&quot;,
      &quot;isHook&quot;: false,
      &quot;skipped&quot;: false
    },
    {
      &quot;title&quot;: &quot;导航到用户注册页面&quot;,
      &quot;fullTitle&quot;: &quot;注册用户 导航到用户注册页面&quot;,
      &quot;timedOut&quot;: false,
      &quot;duration&quot;: 30,
      &quot;state&quot;: &quot;failed&quot;,
      &quot;pass&quot;: false,
      &quot;fail&quot;: true,
      &quot;pending&quot;: false,
      &quot;code&quot;: &quot;async function () {\n            let singupurl =  await driver.getCurrentUrl();\n            return assert.equal(\&quot;http://localhost:3000/signup1\&quot;,singupurl)&quot;,
      &quot;err&quot;: {
        &quot;message&quot;: &quot;AssertionError [ERR_ASSERTION]: &#x27;http://localhost:3000/signup1&#x27; == &#x27;http://localhost:3000/&#x27;&quot;,
        &quot;estack&quot;: &quot;AssertionError [ERR_ASSERTION]: &#x27;http://localhost:3000/signup1&#x27; == &#x27;http://localhost:3000/&#x27;\n    at Context.&lt;anonymous&gt; (test.js:25:27)\n    at &lt;anonymous&gt;\n    at process._tickCallback (internal/process/next_tick.js:188:7)&quot;,
        &quot;diff&quot;: &quot;- http://localhost:3000/signup1\n+ http://localhost:3000/\n&quot;
      },
      &quot;isRoot&quot;: false,
      &quot;uuid&quot;: &quot;0c08af34-7b15-4265-a53c-db8cdae68427&quot;,
      &quot;parentUUID&quot;: &quot;3ebb6b48-8345-4d07-bbca-27ae880476e6&quot;,
      &quot;isHook&quot;: false,
      &quot;skipped&quot;: false
    },
    {
      &quot;title&quot;: &quot;输入用户名&quot;,
      &quot;fullTitle&quot;: &quot;注册用户 输入用户名&quot;,
      &quot;timedOut&quot;: false,
      &quot;duration&quot;: 47,
      &quot;state&quot;: &quot;failed&quot;,
      &quot;pass&quot;: false,
      &quot;fail&quot;: true,
      &quot;pending&quot;: false,
      &quot;code&quot;: &quot;async function () {\n            await driver.findElement({id:&#x27;loginname&#x27;}).sendKeys(&#x27;ronnie2&#x27;);&quot;,
      &quot;err&quot;: {
        &quot;message&quot;: &quot;NoSuchElementError: no such element: Unable to locate element: {\&quot;method\&quot;:\&quot;css selector\&quot;,\&quot;selector\&quot;:\&quot;*[id=\&quot;loginname\&quot;]\&quot;}\n  (Session info: chrome=59.0.3071.86)\n  (Driver info: chromedriver=2.32.498550 (9dec58e66c31bcc53a9ce3c7226f0c1c5810906a),platform=Windows NT 6.1.7601 SP1 x86_64)&quot;,
        &quot;estack&quot;: &quot;NoSuchElementError: no such element: Unable to locate element: {\&quot;method\&quot;:\&quot;css selector\&quot;,\&quot;selector\&quot;:\&quot;*[id=\&quot;loginname\&quot;]\&quot;}\n  (Session info: chrome=59.0.3071.86)\n  (Driver info: chromedriver=2.32.498550 (9dec58e66c31bcc53a9ce3c7226f0c1c5810906a),platform=Windows NT 6.1.7601 SP1 x86_64)\n    at Object.checkLegacyResponse (node_modules\\selenium-webdriver\\lib\\error.js:529:15)\n    at parseHttpResponse (node_modules\\selenium-webdriver\\lib\\http.js:509:13)\n    at doSend.then.response (node_modules\\selenium-webdriver\\lib\\http.js:441:30)\n    at &lt;anonymous&gt;\n    at process._tickCallback (internal/process/next_tick.js:188:7)\nFrom: Task: WebDriver.findElement(By(css selector, *[id=\&quot;loginname\&quot;]))\n    at thenableWebDriverProxy.schedule (node_modules\\selenium-webdriver\\lib\\webdriver.js:807:17)\n    at thenableWebDriverProxy.findElement (node_modules\\selenium-webdriver\\lib\\webdriver.js:1014:17)\n    at Context.&lt;anonymous&gt; (test.js:28:26)\nFrom: Task: WebElement.sendKeys()\n    at thenableWebDriverProxy.schedule (node_modules\\selenium-webdriver\\lib\\webdriver.js:807:17)\n    at WebElementPromise.schedule_ (node_modules\\selenium-webdriver\\lib\\webdriver.js:2015:25)\n    at WebElementPromise.sendKeys (node_modules\\selenium-webdriver\\lib\\webdriver.js:2178:19)\n    at Context.&lt;anonymous&gt; (test.js:28:56)&quot;
      },
      &quot;isRoot&quot;: false,
      &quot;uuid&quot;: &quot;e482f55e-b61c-42d3-ba45-e2045c789340&quot;,
      &quot;parentUUID&quot;: &quot;3ebb6b48-8345-4d07-bbca-27ae880476e6&quot;,
      &quot;isHook&quot;: false,
      &quot;skipped&quot;: false
    },
    {
      &quot;title&quot;: &quot;输入密码&quot;,
      &quot;fullTitle&quot;: &quot;注册用户 输入密码&quot;,
      &quot;timedOut&quot;: false,
      &quot;duration&quot;: 56,
      &quot;state&quot;: &quot;failed&quot;,
      &quot;pass&quot;: false,
      &quot;fail&quot;: true,
      &quot;pending&quot;: false,
      &quot;code&quot;: &quot;async function (){\n            await driver.findElement({id:&#x27;pass&#x27;}).sendKeys(&#x27;123456&#x27;)&quot;,
      &quot;err&quot;: {
        &quot;message&quot;: &quot;NoSuchElementError: no such element: Unable to locate element: {\&quot;method\&quot;:\&quot;css selector\&quot;,\&quot;selector\&quot;:\&quot;*[id=\&quot;pass\&quot;]\&quot;}\n  (Session info: chrome=59.0.3071.86)\n  (Driver info: chromedriver=2.32.498550 (9dec58e66c31bcc53a9ce3c7226f0c1c5810906a),platform=Windows NT 6.1.7601 SP1 x86_64)&quot;,
        &quot;estack&quot;: &quot;NoSuchElementError: no such element: Unable to locate element: {\&quot;method\&quot;:\&quot;css selector\&quot;,\&quot;selector\&quot;:\&quot;*[id=\&quot;pass\&quot;]\&quot;}\n  (Session info: chrome=59.0.3071.86)\n  (Driver info: chromedriver=2.32.498550 (9dec58e66c31bcc53a9ce3c7226f0c1c5810906a),platform=Windows NT 6.1.7601 SP1 x86_64)\n    at Object.checkLegacyResponse (node_modules\\selenium-webdriver\\lib\\error.js:529:15)\n    at parseHttpResponse (node_modules\\selenium-webdriver\\lib\\http.js:509:13)\n    at doSend.then.response (node_modules\\selenium-webdriver\\lib\\http.js:441:30)\n    at &lt;anonymous&gt;\n    at process._tickCallback (internal/process/next_tick.js:188:7)\nFrom: Task: WebDriver.findElement(By(css selector, *[id=\&quot;pass\&quot;]))\n    at thenableWebDriverProxy.schedule (node_modules\\selenium-webdriver\\lib\\webdriver.js:807:17)\n    at thenableWebDriverProxy.findElement (node_modules\\selenium-webdriver\\lib\\webdriver.js:1014:17)\n    at Context.&lt;anonymous&gt; (test.js:31:26)\nFrom: Task: WebElement.sendKeys()\n    at thenableWebDriverProxy.schedule (node_modules\\selenium-webdriver\\lib\\webdriver.js:807:17)\n    at WebElementPromise.schedule_ (node_modules\\selenium-webdriver\\lib\\webdriver.js:2015:25)\n    at WebElementPromise.sendKeys (node_modules\\selenium-webdriver\\lib\\webdriver.js:2178:19)\n    at Context.&lt;anonymous&gt; (test.js:31:51)&quot;
      },
      &quot;isRoot&quot;: false,
      &quot;uuid&quot;: &quot;791c1815-5fc5-406e-8df4-f757663b09e9&quot;,
      &quot;parentUUID&quot;: &quot;3ebb6b48-8345-4d07-bbca-27ae880476e6&quot;,
      &quot;isHook&quot;: false,
      &quot;skipped&quot;: false
    },
    {
      &quot;title&quot;: &quot;确认密码&quot;,
      &quot;fullTitle&quot;: &quot;注册用户 确认密码&quot;,
      &quot;timedOut&quot;: false,
      &quot;duration&quot;: 45,
      &quot;state&quot;: &quot;failed&quot;,
      &quot;pass&quot;: false,
      &quot;fail&quot;: true,
      &quot;pending&quot;: false,
      &quot;code&quot;: &quot;async function (){\n            await driver.findElement({id:&#x27;re_pass&#x27;}).sendKeys(&#x27;1234567&#x27;)&quot;,
      &quot;err&quot;: {
        &quot;message&quot;: &quot;NoSuchElementError: no such element: Unable to locate element: {\&quot;method\&quot;:\&quot;css selector\&quot;,\&quot;selector\&quot;:\&quot;*[id=\&quot;re_pass\&quot;]\&quot;}\n  (Session info: chrome=59.0.3071.86)\n  (Driver info: chromedriver=2.32.498550 (9dec58e66c31bcc53a9ce3c7226f0c1c5810906a),platform=Windows NT 6.1.7601 SP1 x86_64)&quot;,
        &quot;estack&quot;: &quot;NoSuchElementError: no such element: Unable to locate element: {\&quot;method\&quot;:\&quot;css selector\&quot;,\&quot;selector\&quot;:\&quot;*[id=\&quot;re_pass\&quot;]\&quot;}\n  (Session info: chrome=59.0.3071.86)\n  (Driver info: chromedriver=2.32.498550 (9dec58e66c31bcc53a9ce3c7226f0c1c5810906a),platform=Windows NT 6.1.7601 SP1 x86_64)\n    at Object.checkLegacyResponse (node_modules\\selenium-webdriver\\lib\\error.js:529:15)\n    at parseHttpResponse (node_modules\\selenium-webdriver\\lib\\http.js:509:13)\n    at doSend.then.response (node_modules\\selenium-webdriver\\lib\\http.js:441:30)\n    at &lt;anonymous&gt;\n    at process._tickCallback (internal/process/next_tick.js:188:7)\nFrom: Task: WebDriver.findElement(By(css selector, *[id=\&quot;re_pass\&quot;]))\n    at thenableWebDriverProxy.schedule (node_modules\\selenium-webdriver\\lib\\webdriver.js:807:17)\n    at thenableWebDriverProxy.findElement (node_modules\\selenium-webdriver\\lib\\webdriver.js:1014:17)\n    at Context.&lt;anonymous&gt; (test.js:34:26)\nFrom: Task: WebElement.sendKeys()\n    at thenableWebDriverProxy.schedule (node_modules\\selenium-webdriver\\lib\\webdriver.js:807:17)\n    at WebElementPromise.schedule_ (node_modules\\selenium-webdriver\\lib\\webdriver.js:2015:25)\n    at WebElementPromise.sendKeys (node_modules\\selenium-webdriver\\lib\\webdriver.js:2178:19)\n    at Context.&lt;anonymous&gt; (test.js:34:54)&quot;
      },
      &quot;isRoot&quot;: false,
      &quot;uuid&quot;: &quot;e408bf98-8bc9-4848-8240-0f8148b171ad&quot;,
      &quot;parentUUID&quot;: &quot;3ebb6b48-8345-4d07-bbca-27ae880476e6&quot;,
      &quot;isHook&quot;: false,
      &quot;skipped&quot;: false
    }
  ],
  &quot;copyrightYear&quot;: 2017
}" data-config="{&quot;reportDir&quot;:&quot;mochawesome-report&quot;,&quot;reportTitle&quot;:&quot;MOCHA&quot;,&quot;reportPageTitle&quot;:&quot;Mochawesome Report&quot;,&quot;inline&quot;:false,&quot;inlineAssets&quot;:false,&quot;charts&quot;:true,&quot;enableCharts&quot;:true,&quot;code&quot;:true,&quot;enableCode&quot;:true,&quot;autoOpen&quot;:false,&quot;overwrite&quot;:true,&quot;timestamp&quot;:false,&quot;ts&quot;:false,&quot;showHooks&quot;:&quot;failed&quot;,&quot;dev&quot;:false,&quot;reportFilename&quot;:&quot;mochawesome&quot;,&quot;saveJson&quot;:true,&quot;jsonFile&quot;:&quot;D:\\Auto-test\\testcode\\2017-9-10-mocha\\MOCHA\\mochawesome-report\\mochawesome.json&quot;,&quot;htmlFile&quot;:&quot;D:\\Auto-test\\testcode\\2017-9-10-mocha\\MOCHA\\mochawesome-report\\mochawesome.html&quot;}"><div id="report"></div><script src="assets/app.js"></script></body></html>